[08-Oct-2018 20:27:46 UTC] PHP Warning:  rand() expects parameter 1 to be long, string given in /home/ubuntu/workspace/cst336/practice/practice5/index.php on line 8
[08-Oct-2018 20:27:46 UTC] PHP Stack trace:
[08-Oct-2018 20:27:46 UTC] PHP   1. {main}() /home/ubuntu/workspace/cst336/practice/practice5/index.php:0
[08-Oct-2018 20:27:46 UTC] PHP   2. checkError() /home/ubuntu/workspace/cst336/practice/practice5/index.php:71
[08-Oct-2018 20:27:46 UTC] PHP   3. rand() /home/ubuntu/workspace/cst336/practice/practice5/index.php:8
[08-Oct-2018 20:27:46 UTC] PHP Fatal error:  Function name must be a string in /home/ubuntu/workspace/cst336/practice/practice5/index.php on line 9
[08-Oct-2018 20:27:46 UTC] PHP Stack trace:
[08-Oct-2018 20:27:46 UTC] PHP   1. {main}() /home/ubuntu/workspace/cst336/practice/practice5/index.php:0
[08-Oct-2018 20:27:46 UTC] PHP   2. checkError() /home/ubuntu/workspace/cst336/practice/practice5/index.php:71
[08-Oct-2018 20:31:17 UTC] PHP Warning:  shuffle() expects parameter 1 to be array, string given in /home/ubuntu/workspace/cst336/practice/practice5/index.php on line 10
[08-Oct-2018 20:31:17 UTC] PHP Stack trace:
[08-Oct-2018 20:31:17 UTC] PHP   1. {main}() /home/ubuntu/workspace/cst336/practice/practice5/index.php:0
[08-Oct-2018 20:31:17 UTC] PHP   2. checkError() /home/ubuntu/workspace/cst336/practice/practice5/index.php:74
[08-Oct-2018 20:31:17 UTC] PHP   3. shuffle() /home/ubuntu/workspace/cst336/practice/practice5/index.php:10
[08-Oct-2018 20:31:17 UTC] PHP Fatal error:  Function name must be a string in /home/ubuntu/workspace/cst336/practice/practice5/index.php on line 12
[08-Oct-2018 20:31:17 UTC] PHP Stack trace:
[08-Oct-2018 20:31:17 UTC] PHP   1. {main}() /home/ubuntu/workspace/cst336/practice/practice5/index.php:0
[08-Oct-2018 20:31:17 UTC] PHP   2. checkError() /home/ubuntu/workspace/cst336/practice/practice5/index.php:74
[08-Oct-2018 20:31:25 UTC] PHP Warning:  shuffle() expects parameter 1 to be array, string given in /home/ubuntu/workspace/cst336/practice/practice5/index.php on line 10
[08-Oct-2018 20:31:25 UTC] PHP Stack trace:
[08-Oct-2018 20:31:25 UTC] PHP   1. {main}() /home/ubuntu/workspace/cst336/practice/practice5/index.php:0
[08-Oct-2018 20:31:25 UTC] PHP   2. checkError() /home/ubuntu/workspace/cst336/practice/practice5/index.php:74
[08-Oct-2018 20:31:25 UTC] PHP   3. shuffle() /home/ubuntu/workspace/cst336/practice/practice5/index.php:10
[08-Oct-2018 20:31:25 UTC] PHP Fatal error:  Function name must be a string in /home/ubuntu/workspace/cst336/practice/practice5/index.php on line 12
[08-Oct-2018 20:31:25 UTC] PHP Stack trace:
[08-Oct-2018 20:31:25 UTC] PHP   1. {main}() /home/ubuntu/workspace/cst336/practice/practice5/index.php:0
[08-Oct-2018 20:31:25 UTC] PHP   2. checkError() /home/ubuntu/workspace/cst336/practice/practice5/index.php:74
[08-Oct-2018 20:31:44 UTC] PHP Warning:  shuffle() expects parameter 1 to be array, string given in /home/ubuntu/workspace/cst336/practice/practice5/index.php on line 10
[08-Oct-2018 20:31:44 UTC] PHP Stack trace:
[08-Oct-2018 20:31:44 UTC] PHP   1. {main}() /home/ubuntu/workspace/cst336/practice/practice5/index.php:0
[08-Oct-2018 20:31:44 UTC] PHP   2. checkError() /home/ubuntu/workspace/cst336/practice/practice5/index.php:75
[08-Oct-2018 20:31:44 UTC] PHP   3. shuffle() /home/ubuntu/workspace/cst336/practice/practice5/index.php:10
[08-Oct-2018 20:31:44 UTC] PHP Fatal error:  Function name must be a string in /home/ubuntu/workspace/cst336/practice/practice5/index.php on line 12
[08-Oct-2018 20:31:44 UTC] PHP Stack trace:
[08-Oct-2018 20:31:44 UTC] PHP   1. {main}() /home/ubuntu/workspace/cst336/practice/practice5/index.php:0
[08-Oct-2018 20:31:44 UTC] PHP   2. checkError() /home/ubuntu/workspace/cst336/practice/practice5/index.php:75
[08-Oct-2018 20:31:48 UTC] PHP Warning:  shuffle() expects parameter 1 to be array, string given in /home/ubuntu/workspace/cst336/practice/practice5/index.php on line 10
[08-Oct-2018 20:31:48 UTC] PHP Stack trace:
[08-Oct-2018 20:31:48 UTC] PHP   1. {main}() /home/ubuntu/workspace/cst336/practice/practice5/index.php:0
[08-Oct-2018 20:31:48 UTC] PHP   2. checkError() /home/ubuntu/workspace/cst336/practice/practice5/index.php:75
[08-Oct-2018 20:31:48 UTC] PHP   3. shuffle() /home/ubuntu/workspace/cst336/practice/practice5/index.php:10
[08-Oct-2018 20:31:48 UTC] PHP Fatal error:  Function name must be a string in /home/ubuntu/workspace/cst336/practice/practice5/index.php on line 12
[08-Oct-2018 20:31:48 UTC] PHP Stack trace:
[08-Oct-2018 20:31:48 UTC] PHP   1. {main}() /home/ubuntu/workspace/cst336/practice/practice5/index.php:0
[08-Oct-2018 20:31:48 UTC] PHP   2. checkError() /home/ubuntu/workspace/cst336/practice/practice5/index.php:75
[08-Oct-2018 20:31:53 UTC] PHP Warning:  shuffle() expects parameter 1 to be array, string given in /home/ubuntu/workspace/cst336/practice/practice5/index.php on line 10
[08-Oct-2018 20:31:53 UTC] PHP Stack trace:
[08-Oct-2018 20:31:53 UTC] PHP   1. {main}() /home/ubuntu/workspace/cst336/practice/practice5/index.php:0
[08-Oct-2018 20:31:53 UTC] PHP   2. checkError() /home/ubuntu/workspace/cst336/practice/practice5/index.php:75
[08-Oct-2018 20:31:53 UTC] PHP   3. shuffle() /home/ubuntu/workspace/cst336/practice/practice5/index.php:10
[08-Oct-2018 20:31:53 UTC] PHP Fatal error:  Array callback has to contain indices 0 and 1 in /home/ubuntu/workspace/cst336/practice/practice5/index.php on line 12
[08-Oct-2018 20:31:53 UTC] PHP Stack trace:
[08-Oct-2018 20:31:53 UTC] PHP   1. {main}() /home/ubuntu/workspace/cst336/practice/practice5/index.php:0
[08-Oct-2018 20:31:53 UTC] PHP   2. checkError() /home/ubuntu/workspace/cst336/practice/practice5/index.php:75
[08-Oct-2018 20:31:56 UTC] PHP Warning:  shuffle() expects parameter 1 to be array, string given in /home/ubuntu/workspace/cst336/practice/practice5/index.php on line 10
[08-Oct-2018 20:31:56 UTC] PHP Stack trace:
[08-Oct-2018 20:31:56 UTC] PHP   1. {main}() /home/ubuntu/workspace/cst336/practice/practice5/index.php:0
[08-Oct-2018 20:31:56 UTC] PHP   2. checkError() /home/ubuntu/workspace/cst336/practice/practice5/index.php:75
[08-Oct-2018 20:31:56 UTC] PHP   3. shuffle() /home/ubuntu/workspace/cst336/practice/practice5/index.php:10
[08-Oct-2018 20:31:56 UTC] PHP Fatal error:  Function name must be a string in /home/ubuntu/workspace/cst336/practice/practice5/index.php on line 12
[08-Oct-2018 20:31:56 UTC] PHP Stack trace:
[08-Oct-2018 20:31:56 UTC] PHP   1. {main}() /home/ubuntu/workspace/cst336/practice/practice5/index.php:0
[08-Oct-2018 20:31:56 UTC] PHP   2. checkError() /home/ubuntu/workspace/cst336/practice/practice5/index.php:75
[08-Oct-2018 20:32:53 UTC] PHP Warning:  shuffle() expects parameter 1 to be array, string given in /home/ubuntu/workspace/cst336/practice/practice5/index.php on line 10
[08-Oct-2018 20:32:53 UTC] PHP Stack trace:
[08-Oct-2018 20:32:53 UTC] PHP   1. {main}() /home/ubuntu/workspace/cst336/practice/practice5/index.php:0
[08-Oct-2018 20:32:53 UTC] PHP   2. checkError() /home/ubuntu/workspace/cst336/practice/practice5/index.php:75
[08-Oct-2018 20:32:53 UTC] PHP   3. shuffle() /home/ubuntu/workspace/cst336/practice/practice5/index.php:10
[08-Oct-2018 20:32:53 UTC] PHP Fatal error:  Function name must be a string in /home/ubuntu/workspace/cst336/practice/practice5/index.php on line 12
[08-Oct-2018 20:32:53 UTC] PHP Stack trace:
[08-Oct-2018 20:32:53 UTC] PHP   1. {main}() /home/ubuntu/workspace/cst336/practice/practice5/index.php:0
[08-Oct-2018 20:32:53 UTC] PHP   2. checkError() /home/ubuntu/workspace/cst336/practice/practice5/index.php:75
[08-Oct-2018 20:32:55 UTC] PHP Warning:  shuffle() expects parameter 1 to be array, string given in /home/ubuntu/workspace/cst336/practice/practice5/index.php on line 10
[08-Oct-2018 20:32:55 UTC] PHP Stack trace:
[08-Oct-2018 20:32:55 UTC] PHP   1. {main}() /home/ubuntu/workspace/cst336/practice/practice5/index.php:0
[08-Oct-2018 20:32:55 UTC] PHP   2. checkError() /home/ubuntu/workspace/cst336/practice/practice5/index.php:75
[08-Oct-2018 20:32:55 UTC] PHP   3. shuffle() /home/ubuntu/workspace/cst336/practice/practice5/index.php:10
[08-Oct-2018 20:32:55 UTC] PHP Fatal error:  Array callback has to contain indices 0 and 1 in /home/ubuntu/workspace/cst336/practice/practice5/index.php on line 12
[08-Oct-2018 20:32:55 UTC] PHP Stack trace:
[08-Oct-2018 20:32:55 UTC] PHP   1. {main}() /home/ubuntu/workspace/cst336/practice/practice5/index.php:0
[08-Oct-2018 20:32:55 UTC] PHP   2. checkError() /home/ubuntu/workspace/cst336/practice/practice5/index.php:75
[08-Oct-2018 20:33:42 UTC] PHP Warning:  shuffle() expects parameter 1 to be array, string given in /home/ubuntu/workspace/cst336/practice/practice5/index.php on line 10
[08-Oct-2018 20:33:42 UTC] PHP Stack trace:
[08-Oct-2018 20:33:42 UTC] PHP   1. {main}() /home/ubuntu/workspace/cst336/practice/practice5/index.php:0
[08-Oct-2018 20:33:42 UTC] PHP   2. checkError() /home/ubuntu/workspace/cst336/practice/practice5/index.php:75
[08-Oct-2018 20:33:42 UTC] PHP   3. shuffle() /home/ubuntu/workspace/cst336/practice/practice5/index.php:10
[08-Oct-2018 20:33:42 UTC] PHP Fatal error:  Function name must be a string in /home/ubuntu/workspace/cst336/practice/practice5/index.php on line 12
[08-Oct-2018 20:33:42 UTC] PHP Stack trace:
[08-Oct-2018 20:33:42 UTC] PHP   1. {main}() /home/ubuntu/workspace/cst336/practice/practice5/index.php:0
[08-Oct-2018 20:33:42 UTC] PHP   2. checkError() /home/ubuntu/workspace/cst336/practice/practice5/index.php:75
[08-Oct-2018 20:35:08 UTC] PHP Warning:  shuffle() expects parameter 1 to be array, string given in /home/ubuntu/workspace/cst336/practice/practice5/index.php on line 10
[08-Oct-2018 20:35:08 UTC] PHP Stack trace:
[08-Oct-2018 20:35:08 UTC] PHP   1. {main}() /home/ubuntu/workspace/cst336/practice/practice5/index.php:0
[08-Oct-2018 20:35:08 UTC] PHP   2. checkError() /home/ubuntu/workspace/cst336/practice/practice5/index.php:75
[08-Oct-2018 20:35:08 UTC] PHP   3. shuffle() /home/ubuntu/workspace/cst336/practice/practice5/index.php:10
[08-Oct-2018 20:35:08 UTC] PHP Fatal error:  Function name must be a string in /home/ubuntu/workspace/cst336/practice/practice5/index.php on line 12
[08-Oct-2018 20:35:08 UTC] PHP Stack trace:
[08-Oct-2018 20:35:08 UTC] PHP   1. {main}() /home/ubuntu/workspace/cst336/practice/practice5/index.php:0
[08-Oct-2018 20:35:08 UTC] PHP   2. checkError() /home/ubuntu/workspace/cst336/practice/practice5/index.php:75
[08-Oct-2018 20:35:14 UTC] PHP Warning:  shuffle() expects parameter 1 to be array, string given in /home/ubuntu/workspace/cst336/practice/practice5/index.php on line 10
[08-Oct-2018 20:35:14 UTC] PHP Stack trace:
[08-Oct-2018 20:35:14 UTC] PHP   1. {main}() /home/ubuntu/workspace/cst336/practice/practice5/index.php:0
[08-Oct-2018 20:35:14 UTC] PHP   2. checkError() /home/ubuntu/workspace/cst336/practice/practice5/index.php:75
[08-Oct-2018 20:35:14 UTC] PHP   3. shuffle() /home/ubuntu/workspace/cst336/practice/practice5/index.php:10
[08-Oct-2018 20:35:14 UTC] PHP Fatal error:  Function name must be a string in /home/ubuntu/workspace/cst336/practice/practice5/index.php on line 12
[08-Oct-2018 20:35:14 UTC] PHP Stack trace:
[08-Oct-2018 20:35:14 UTC] PHP   1. {main}() /home/ubuntu/workspace/cst336/practice/practice5/index.php:0
[08-Oct-2018 20:35:14 UTC] PHP   2. checkError() /home/ubuntu/workspace/cst336/practice/practice5/index.php:75
[08-Oct-2018 20:35:26 UTC] PHP Warning:  shuffle() expects parameter 1 to be array, string given in /home/ubuntu/workspace/cst336/practice/practice5/index.php on line 10
[08-Oct-2018 20:35:26 UTC] PHP Stack trace:
[08-Oct-2018 20:35:26 UTC] PHP   1. {main}() /home/ubuntu/workspace/cst336/practice/practice5/index.php:0
[08-Oct-2018 20:35:26 UTC] PHP   2. checkError() /home/ubuntu/workspace/cst336/practice/practice5/index.php:75
[08-Oct-2018 20:35:26 UTC] PHP   3. shuffle() /home/ubuntu/workspace/cst336/practice/practice5/index.php:10
[08-Oct-2018 20:35:26 UTC] PHP Fatal error:  Function name must be a string in /home/ubuntu/workspace/cst336/practice/practice5/index.php on line 12
[08-Oct-2018 20:35:26 UTC] PHP Stack trace:
[08-Oct-2018 20:35:26 UTC] PHP   1. {main}() /home/ubuntu/workspace/cst336/practice/practice5/index.php:0
[08-Oct-2018 20:35:26 UTC] PHP   2. checkError() /home/ubuntu/workspace/cst336/practice/practice5/index.php:75
[08-Oct-2018 20:35:42 UTC] PHP Fatal error:  Function name must be a string in /home/ubuntu/workspace/cst336/practice/practice5/index.php on line 12
[08-Oct-2018 20:35:42 UTC] PHP Stack trace:
[08-Oct-2018 20:35:42 UTC] PHP   1. {main}() /home/ubuntu/workspace/cst336/practice/practice5/index.php:0
[08-Oct-2018 20:35:42 UTC] PHP   2. checkError() /home/ubuntu/workspace/cst336/practice/practice5/index.php:75
[08-Oct-2018 20:35:51 UTC] PHP Fatal error:  Function name must be a string in /home/ubuntu/workspace/cst336/practice/practice5/index.php on line 12
[08-Oct-2018 20:35:51 UTC] PHP Stack trace:
[08-Oct-2018 20:35:51 UTC] PHP   1. {main}() /home/ubuntu/workspace/cst336/practice/practice5/index.php:0
[08-Oct-2018 20:35:51 UTC] PHP   2. checkError() /home/ubuntu/workspace/cst336/practice/practice5/index.php:75
[08-Oct-2018 20:36:35 UTC] PHP Fatal error:  Function name must be a string in /home/ubuntu/workspace/cst336/practice/practice5/index.php on line 12
[08-Oct-2018 20:36:35 UTC] PHP Stack trace:
[08-Oct-2018 20:36:35 UTC] PHP   1. {main}() /home/ubuntu/workspace/cst336/practice/practice5/index.php:0
[08-Oct-2018 20:36:35 UTC] PHP   2. checkError() /home/ubuntu/workspace/cst336/practice/practice5/index.php:75
[08-Oct-2018 20:36:41 UTC] PHP Fatal error:  Function name must be a string in /home/ubuntu/workspace/cst336/practice/practice5/index.php on line 12
[08-Oct-2018 20:36:41 UTC] PHP Stack trace:
[08-Oct-2018 20:36:41 UTC] PHP   1. {main}() /home/ubuntu/workspace/cst336/practice/practice5/index.php:0
[08-Oct-2018 20:36:41 UTC] PHP   2. checkError() /home/ubuntu/workspace/cst336/practice/practice5/index.php:75
[08-Oct-2018 20:36:49 UTC] PHP Fatal error:  Function name must be a string in /home/ubuntu/workspace/cst336/practice/practice5/index.php on line 12
[08-Oct-2018 20:36:49 UTC] PHP Stack trace:
[08-Oct-2018 20:36:49 UTC] PHP   1. {main}() /home/ubuntu/workspace/cst336/practice/practice5/index.php:0
[08-Oct-2018 20:36:49 UTC] PHP   2. checkError() /home/ubuntu/workspace/cst336/practice/practice5/index.php:75
[08-Oct-2018 20:37:22 UTC] PHP Fatal error:  Function name must be a string in /home/ubuntu/workspace/cst336/practice/practice5/index.php on line 12
[08-Oct-2018 20:37:22 UTC] PHP Stack trace:
[08-Oct-2018 20:37:22 UTC] PHP   1. {main}() /home/ubuntu/workspace/cst336/practice/practice5/index.php:0
[08-Oct-2018 20:37:22 UTC] PHP   2. checkError() /home/ubuntu/workspace/cst336/practice/practice5/index.php:75
[08-Oct-2018 20:37:27 UTC] PHP Fatal error:  Function name must be a string in /home/ubuntu/workspace/cst336/practice/practice5/index.php on line 12
[08-Oct-2018 20:37:27 UTC] PHP Stack trace:
[08-Oct-2018 20:37:27 UTC] PHP   1. {main}() /home/ubuntu/workspace/cst336/practice/practice5/index.php:0
[08-Oct-2018 20:37:27 UTC] PHP   2. checkError() /home/ubuntu/workspace/cst336/practice/practice5/index.php:75
[08-Oct-2018 20:37:39 UTC] PHP Fatal error:  Function name must be a string in /home/ubuntu/workspace/cst336/practice/practice5/index.php on line 12
[08-Oct-2018 20:37:39 UTC] PHP Stack trace:
[08-Oct-2018 20:37:39 UTC] PHP   1. {main}() /home/ubuntu/workspace/cst336/practice/practice5/index.php:0
[08-Oct-2018 20:37:39 UTC] PHP   2. checkError() /home/ubuntu/workspace/cst336/practice/practice5/index.php:75
[08-Oct-2018 20:39:06 UTC] PHP Fatal error:  Function name must be a string in /home/ubuntu/workspace/cst336/practice/practice5/index.php on line 12
[08-Oct-2018 20:39:06 UTC] PHP Stack trace:
[08-Oct-2018 20:39:06 UTC] PHP   1. {main}() /home/ubuntu/workspace/cst336/practice/practice5/index.php:0
[08-Oct-2018 20:39:06 UTC] PHP   2. checkError() /home/ubuntu/workspace/cst336/practice/practice5/index.php:75
[08-Oct-2018 20:39:18 UTC] PHP Fatal error:  Function name must be a string in /home/ubuntu/workspace/cst336/practice/practice5/index.php on line 12
[08-Oct-2018 20:39:18 UTC] PHP Stack trace:
[08-Oct-2018 20:39:18 UTC] PHP   1. {main}() /home/ubuntu/workspace/cst336/practice/practice5/index.php:0
[08-Oct-2018 20:39:18 UTC] PHP   2. checkError() /home/ubuntu/workspace/cst336/practice/practice5/index.php:75
[08-Oct-2018 20:41:35 UTC] PHP Fatal error:  Function name must be a string in /home/ubuntu/workspace/cst336/practice/practice5/index.php on line 12
[08-Oct-2018 20:41:35 UTC] PHP Stack trace:
[08-Oct-2018 20:41:35 UTC] PHP   1. {main}() /home/ubuntu/workspace/cst336/practice/practice5/index.php:0
[08-Oct-2018 20:41:35 UTC] PHP   2. checkError() /home/ubuntu/workspace/cst336/practice/practice5/index.php:76
[08-Oct-2018 20:41:42 UTC] PHP Fatal error:  Function name must be a string in /home/ubuntu/workspace/cst336/practice/practice5/index.php on line 12
[08-Oct-2018 20:41:42 UTC] PHP Stack trace:
[08-Oct-2018 20:41:42 UTC] PHP   1. {main}() /home/ubuntu/workspace/cst336/practice/practice5/index.php:0
[08-Oct-2018 20:41:42 UTC] PHP   2. checkError() /home/ubuntu/workspace/cst336/practice/practice5/index.php:76
[08-Oct-2018 20:42:28 UTC] PHP Fatal error:  Function name must be a string in /home/ubuntu/workspace/cst336/practice/practice5/index.php on line 12
[08-Oct-2018 20:42:28 UTC] PHP Stack trace:
[08-Oct-2018 20:42:28 UTC] PHP   1. {main}() /home/ubuntu/workspace/cst336/practice/practice5/index.php:0
[08-Oct-2018 20:42:28 UTC] PHP   2. checkError() /home/ubuntu/workspace/cst336/practice/practice5/index.php:76
[08-Oct-2018 20:42:32 UTC] PHP Fatal error:  Array callback has to contain indices 0 and 1 in /home/ubuntu/workspace/cst336/practice/practice5/index.php on line 12
[08-Oct-2018 20:42:32 UTC] PHP Stack trace:
[08-Oct-2018 20:42:32 UTC] PHP   1. {main}() /home/ubuntu/workspace/cst336/practice/practice5/index.php:0
[08-Oct-2018 20:42:32 UTC] PHP   2. checkError() /home/ubuntu/workspace/cst336/practice/practice5/index.php:76
[08-Oct-2018 20:42:38 UTC] PHP Fatal error:  Function name must be a string in /home/ubuntu/workspace/cst336/practice/practice5/index.php on line 12
[08-Oct-2018 20:42:38 UTC] PHP Stack trace:
[08-Oct-2018 20:42:38 UTC] PHP   1. {main}() /home/ubuntu/workspace/cst336/practice/practice5/index.php:0
[08-Oct-2018 20:42:38 UTC] PHP   2. checkError() /home/ubuntu/workspace/cst336/practice/practice5/index.php:76
[29-Oct-2018 19:39:59 UTC] PHP Fatal error:  Uncaught exception 'PDOException' with message 'SQLSTATE[42000]: Syntax error or access violation: 1064 You have an error in your SQL syntax; check the manual that corresponds to your MySQL server version for the right syntax to use near '%cat%' at line 1' in /home/ubuntu/workspace/cst336/practice/p7/index.php:11
Stack trace:
#0 /home/ubuntu/workspace/cst336/practice/p7/index.php(11): PDOStatement->execute()
#1 /home/ubuntu/workspace/cst336/practice/p7/index.php(72): getQuote()
#2 {main}
  thrown in /home/ubuntu/workspace/cst336/practice/p7/index.php on line 11
[29-Oct-2018 19:40:15 UTC] PHP Fatal error:  Uncaught exception 'PDOException' with message 'SQLSTATE[42000]: Syntax error or access violation: 1064 You have an error in your SQL syntax; check the manual that corresponds to your MySQL server version for the right syntax to use near '%life%' at line 1' in /home/ubuntu/workspace/cst336/practice/p7/index.php:11
Stack trace:
#0 /home/ubuntu/workspace/cst336/practice/p7/index.php(11): PDOStatement->execute()
#1 /home/ubuntu/workspace/cst336/practice/p7/index.php(72): getQuote()
#2 {main}
  thrown in /home/ubuntu/workspace/cst336/practice/p7/index.php on line 11
[28-Nov-2018 23:16:45 UTC] PHP Fatal error:  Uncaught exception 'PDOException' with message 'SQLSTATE[42S22]: Column not found: 1054 Unknown column 'choice' in 'where clause'' in /home/ubuntu/workspace/cst336/practice/poll/pollAPI.php:13
Stack trace:
#0 /home/ubuntu/workspace/cst336/practice/poll/pollAPI.php(13): PDOStatement->execute(Array)
#1 {main}
  thrown in /home/ubuntu/workspace/cst336/practice/poll/pollAPI.php on line 13
[28-Nov-2018 23:32:32 UTC] PHP Fatal error:  Uncaught exception 'PDOException' with message 'SQLSTATE[42S22]: Column not found: 1054 Unknown column 'choice' in 'where clause'' in /home/ubuntu/workspace/cst336/practice/poll/pollAPI.php:13
Stack trace:
#0 /home/ubuntu/workspace/cst336/practice/poll/pollAPI.php(13): PDOStatement->execute(Array)
#1 {main}
  thrown in /home/ubuntu/workspace/cst336/practice/poll/pollAPI.php on line 13
[28-Nov-2018 23:40:55 UTC] PHP Fatal error:  Uncaught exception 'PDOException' with message 'SQLSTATE[42S22]: Column not found: 1054 Unknown column 'choice' in 'where clause'' in /home/ubuntu/workspace/cst336/practice/poll/pollAPI.php:13
Stack trace:
#0 /home/ubuntu/workspace/cst336/practice/poll/pollAPI.php(13): PDOStatement->execute(Array)
#1 {main}
  thrown in /home/ubuntu/workspace/cst336/practice/poll/pollAPI.php on line 13
[05-Dec-2018 23:38:08 UTC] PHP Warning:  include(../../../inc/dbConnection.php): failed to open stream: No such file or directory in /home/ubuntu/workspace/cst336/practice/p11/rateAPI.php on line 3
[05-Dec-2018 23:38:08 UTC] PHP Stack trace:
[05-Dec-2018 23:38:08 UTC] PHP   1. {main}() /home/ubuntu/workspace/cst336/practice/p11/rateAPI.php:0
[05-Dec-2018 23:38:08 UTC] PHP Warning:  include(): Failed opening '../../../inc/dbConnection.php' for inclusion (include_path='.:/usr/share/php:/usr/share/pear') in /home/ubuntu/workspace/cst336/practice/p11/rateAPI.php on line 3
[05-Dec-2018 23:38:08 UTC] PHP Stack trace:
[05-Dec-2018 23:38:08 UTC] PHP   1. {main}() /home/ubuntu/workspace/cst336/practice/p11/rateAPI.php:0
[05-Dec-2018 23:38:08 UTC] PHP Fatal error:  Call to undefined function startConnection() in /home/ubuntu/workspace/cst336/practice/p11/rateAPI.php on line 4
[05-Dec-2018 23:38:08 UTC] PHP Stack trace:
[05-Dec-2018 23:38:08 UTC] PHP   1. {main}() /home/ubuntu/workspace/cst336/practice/p11/rateAPI.php:0
[05-Dec-2018 23:38:29 UTC] PHP Fatal error:  Uncaught exception 'PDOException' with message 'SQLSTATE[42000]: Syntax error or access violation: 1064 You have an error in your SQL syntax; check the manual that corresponds to your MySQL server version for the right syntax to use near '' at line 1' in /home/ubuntu/workspace/cst336/practice/p11/rateAPI.php:8
Stack trace:
#0 /home/ubuntu/workspace/cst336/practice/p11/rateAPI.php(8): PDOStatement->execute()
#1 {main}
  thrown in /home/ubuntu/workspace/cst336/practice/p11/rateAPI.php on line 8
