[25-Sep-2018 09:16:59 UTC] PHP Warning:  array_fill() expects exactly 3 parameters, 2 given in /home/ubuntu/workspace/cst336/hw/hw2/index.php on line 6
[25-Sep-2018 09:16:59 UTC] PHP Stack trace:
[25-Sep-2018 09:16:59 UTC] PHP   1. {main}() /home/ubuntu/workspace/cst336/hw/hw2/index.php:0
[25-Sep-2018 09:16:59 UTC] PHP   2. array_fill() /home/ubuntu/workspace/cst336/hw/hw2/index.php:6
[25-Sep-2018 09:17:02 UTC] PHP Warning:  array_fill() expects exactly 3 parameters, 2 given in /home/ubuntu/workspace/cst336/hw/hw2/index.php on line 6
[25-Sep-2018 09:17:02 UTC] PHP Stack trace:
[25-Sep-2018 09:17:02 UTC] PHP   1. {main}() /home/ubuntu/workspace/cst336/hw/hw2/index.php:0
[25-Sep-2018 09:17:02 UTC] PHP   2. array_fill() /home/ubuntu/workspace/cst336/hw/hw2/index.php:6
[25-Sep-2018 09:17:04 UTC] PHP Warning:  array_fill() expects exactly 3 parameters, 2 given in /home/ubuntu/workspace/cst336/hw/hw2/index.php on line 6
[25-Sep-2018 09:17:04 UTC] PHP Stack trace:
[25-Sep-2018 09:17:04 UTC] PHP   1. {main}() /home/ubuntu/workspace/cst336/hw/hw2/index.php:0
[25-Sep-2018 09:17:04 UTC] PHP   2. array_fill() /home/ubuntu/workspace/cst336/hw/hw2/index.php:6
[25-Sep-2018 09:17:05 UTC] PHP Warning:  array_fill() expects exactly 3 parameters, 2 given in /home/ubuntu/workspace/cst336/hw/hw2/index.php on line 6
[25-Sep-2018 09:17:05 UTC] PHP Stack trace:
[25-Sep-2018 09:17:05 UTC] PHP   1. {main}() /home/ubuntu/workspace/cst336/hw/hw2/index.php:0
[25-Sep-2018 09:17:05 UTC] PHP   2. array_fill() /home/ubuntu/workspace/cst336/hw/hw2/index.php:6
[25-Sep-2018 09:17:06 UTC] PHP Warning:  array_fill() expects exactly 3 parameters, 2 given in /home/ubuntu/workspace/cst336/hw/hw2/index.php on line 6
[25-Sep-2018 09:17:06 UTC] PHP Stack trace:
[25-Sep-2018 09:17:06 UTC] PHP   1. {main}() /home/ubuntu/workspace/cst336/hw/hw2/index.php:0
[25-Sep-2018 09:17:06 UTC] PHP   2. array_fill() /home/ubuntu/workspace/cst336/hw/hw2/index.php:6
[25-Sep-2018 19:50:18 UTC] PHP Warning:  Missing argument 1 for DisplayMessage(), called in /home/ubuntu/workspace/cst336/hw/hw2/index.php on line 129 and defined in /home/ubuntu/workspace/cst336/hw/hw2/index.php on line 48
[25-Sep-2018 19:50:18 UTC] PHP Stack trace:
[25-Sep-2018 19:50:18 UTC] PHP   1. {main}() /home/ubuntu/workspace/cst336/hw/hw2/index.php:0
[25-Sep-2018 19:50:18 UTC] PHP   2. DisplayMessage() /home/ubuntu/workspace/cst336/hw/hw2/index.php:129
[25-Sep-2018 19:50:18 UTC] PHP Warning:  Missing argument 2 for DisplayMessage(), called in /home/ubuntu/workspace/cst336/hw/hw2/index.php on line 129 and defined in /home/ubuntu/workspace/cst336/hw/hw2/index.php on line 48
[25-Sep-2018 19:50:18 UTC] PHP Stack trace:
[25-Sep-2018 19:50:18 UTC] PHP   1. {main}() /home/ubuntu/workspace/cst336/hw/hw2/index.php:0
[25-Sep-2018 19:50:18 UTC] PHP   2. DisplayMessage() /home/ubuntu/workspace/cst336/hw/hw2/index.php:129
[25-Sep-2018 19:50:18 UTC] PHP Warning:  Missing argument 3 for DisplayMessage(), called in /home/ubuntu/workspace/cst336/hw/hw2/index.php on line 129 and defined in /home/ubuntu/workspace/cst336/hw/hw2/index.php on line 48
[25-Sep-2018 19:50:18 UTC] PHP Stack trace:
[25-Sep-2018 19:50:18 UTC] PHP   1. {main}() /home/ubuntu/workspace/cst336/hw/hw2/index.php:0
[25-Sep-2018 19:50:18 UTC] PHP   2. DisplayMessage() /home/ubuntu/workspace/cst336/hw/hw2/index.php:129
[25-Sep-2018 19:50:22 UTC] PHP Warning:  Missing argument 1 for DisplayMessage(), called in /home/ubuntu/workspace/cst336/hw/hw2/index.php on line 129 and defined in /home/ubuntu/workspace/cst336/hw/hw2/index.php on line 48
[25-Sep-2018 19:50:22 UTC] PHP Stack trace:
[25-Sep-2018 19:50:22 UTC] PHP   1. {main}() /home/ubuntu/workspace/cst336/hw/hw2/index.php:0
[25-Sep-2018 19:50:22 UTC] PHP   2. DisplayMessage() /home/ubuntu/workspace/cst336/hw/hw2/index.php:129
[25-Sep-2018 19:50:22 UTC] PHP Warning:  Missing argument 2 for DisplayMessage(), called in /home/ubuntu/workspace/cst336/hw/hw2/index.php on line 129 and defined in /home/ubuntu/workspace/cst336/hw/hw2/index.php on line 48
[25-Sep-2018 19:50:22 UTC] PHP Stack trace:
[25-Sep-2018 19:50:22 UTC] PHP   1. {main}() /home/ubuntu/workspace/cst336/hw/hw2/index.php:0
[25-Sep-2018 19:50:22 UTC] PHP   2. DisplayMessage() /home/ubuntu/workspace/cst336/hw/hw2/index.php:129
[25-Sep-2018 19:50:22 UTC] PHP Warning:  Missing argument 3 for DisplayMessage(), called in /home/ubuntu/workspace/cst336/hw/hw2/index.php on line 129 and defined in /home/ubuntu/workspace/cst336/hw/hw2/index.php on line 48
[25-Sep-2018 19:50:22 UTC] PHP Stack trace:
[25-Sep-2018 19:50:22 UTC] PHP   1. {main}() /home/ubuntu/workspace/cst336/hw/hw2/index.php:0
[25-Sep-2018 19:50:22 UTC] PHP   2. DisplayMessage() /home/ubuntu/workspace/cst336/hw/hw2/index.php:129
[25-Sep-2018 19:50:25 UTC] PHP Warning:  Missing argument 1 for DisplayMessage(), called in /home/ubuntu/workspace/cst336/hw/hw2/index.php on line 129 and defined in /home/ubuntu/workspace/cst336/hw/hw2/index.php on line 48
[25-Sep-2018 19:50:25 UTC] PHP Stack trace:
[25-Sep-2018 19:50:25 UTC] PHP   1. {main}() /home/ubuntu/workspace/cst336/hw/hw2/index.php:0
[25-Sep-2018 19:50:25 UTC] PHP   2. DisplayMessage() /home/ubuntu/workspace/cst336/hw/hw2/index.php:129
[25-Sep-2018 19:50:25 UTC] PHP Warning:  Missing argument 2 for DisplayMessage(), called in /home/ubuntu/workspace/cst336/hw/hw2/index.php on line 129 and defined in /home/ubuntu/workspace/cst336/hw/hw2/index.php on line 48
[25-Sep-2018 19:50:25 UTC] PHP Stack trace:
[25-Sep-2018 19:50:25 UTC] PHP   1. {main}() /home/ubuntu/workspace/cst336/hw/hw2/index.php:0
[25-Sep-2018 19:50:25 UTC] PHP   2. DisplayMessage() /home/ubuntu/workspace/cst336/hw/hw2/index.php:129
[25-Sep-2018 19:50:25 UTC] PHP Warning:  Missing argument 3 for DisplayMessage(), called in /home/ubuntu/workspace/cst336/hw/hw2/index.php on line 129 and defined in /home/ubuntu/workspace/cst336/hw/hw2/index.php on line 48
[25-Sep-2018 19:50:25 UTC] PHP Stack trace:
[25-Sep-2018 19:50:25 UTC] PHP   1. {main}() /home/ubuntu/workspace/cst336/hw/hw2/index.php:0
[25-Sep-2018 19:50:25 UTC] PHP   2. DisplayMessage() /home/ubuntu/workspace/cst336/hw/hw2/index.php:129
[25-Sep-2018 20:22:03 UTC] PHP Warning:  Missing argument 2 for DisplayMessage(), called in /home/ubuntu/workspace/cst336/hw/hw2/index.php on line 12 and defined in /home/ubuntu/workspace/cst336/hw/hw2/index.php on line 51
[25-Sep-2018 20:22:03 UTC] PHP Stack trace:
[25-Sep-2018 20:22:03 UTC] PHP   1. {main}() /home/ubuntu/workspace/cst336/hw/hw2/index.php:0
[25-Sep-2018 20:22:03 UTC] PHP   2. displaySkins() /home/ubuntu/workspace/cst336/hw/hw2/index.php:125
[25-Sep-2018 20:22:03 UTC] PHP   3. DisplayMessage() /home/ubuntu/workspace/cst336/hw/hw2/index.php:12
[25-Sep-2018 20:22:03 UTC] PHP Warning:  Missing argument 3 for DisplayMessage(), called in /home/ubuntu/workspace/cst336/hw/hw2/index.php on line 12 and defined in /home/ubuntu/workspace/cst336/hw/hw2/index.php on line 51
[25-Sep-2018 20:22:03 UTC] PHP Stack trace:
[25-Sep-2018 20:22:03 UTC] PHP   1. {main}() /home/ubuntu/workspace/cst336/hw/hw2/index.php:0
[25-Sep-2018 20:22:03 UTC] PHP   2. displaySkins() /home/ubuntu/workspace/cst336/hw/hw2/index.php:125
[25-Sep-2018 20:22:03 UTC] PHP   3. DisplayMessage() /home/ubuntu/workspace/cst336/hw/hw2/index.php:12
[25-Sep-2018 20:22:03 UTC] PHP Warning:  Missing argument 2 for DisplayMessage(), called in /home/ubuntu/workspace/cst336/hw/hw2/index.php on line 12 and defined in /home/ubuntu/workspace/cst336/hw/hw2/index.php on line 51
[25-Sep-2018 20:22:03 UTC] PHP Stack trace:
[25-Sep-2018 20:22:03 UTC] PHP   1. {main}() /home/ubuntu/workspace/cst336/hw/hw2/index.php:0
[25-Sep-2018 20:22:03 UTC] PHP   2. displaySkins() /home/ubuntu/workspace/cst336/hw/hw2/index.php:125
[25-Sep-2018 20:22:03 UTC] PHP   3. DisplayMessage() /home/ubuntu/workspace/cst336/hw/hw2/index.php:12
[25-Sep-2018 20:22:03 UTC] PHP Warning:  Missing argument 3 for DisplayMessage(), called in /home/ubuntu/workspace/cst336/hw/hw2/index.php on line 12 and defined in /home/ubuntu/workspace/cst336/hw/hw2/index.php on line 51
[25-Sep-2018 20:22:03 UTC] PHP Stack trace:
[25-Sep-2018 20:22:03 UTC] PHP   1. {main}() /home/ubuntu/workspace/cst336/hw/hw2/index.php:0
[25-Sep-2018 20:22:03 UTC] PHP   2. displaySkins() /home/ubuntu/workspace/cst336/hw/hw2/index.php:125
[25-Sep-2018 20:22:03 UTC] PHP   3. DisplayMessage() /home/ubuntu/workspace/cst336/hw/hw2/index.php:12
[25-Sep-2018 20:22:03 UTC] PHP Warning:  Missing argument 2 for DisplayMessage(), called in /home/ubuntu/workspace/cst336/hw/hw2/index.php on line 12 and defined in /home/ubuntu/workspace/cst336/hw/hw2/index.php on line 51
[25-Sep-2018 20:22:03 UTC] PHP Stack trace:
[25-Sep-2018 20:22:03 UTC] PHP   1. {main}() /home/ubuntu/workspace/cst336/hw/hw2/index.php:0
[25-Sep-2018 20:22:03 UTC] PHP   2. displaySkins() /home/ubuntu/workspace/cst336/hw/hw2/index.php:125
[25-Sep-2018 20:22:03 UTC] PHP   3. DisplayMessage() /home/ubuntu/workspace/cst336/hw/hw2/index.php:12
[25-Sep-2018 20:22:03 UTC] PHP Warning:  Missing argument 3 for DisplayMessage(), called in /home/ubuntu/workspace/cst336/hw/hw2/index.php on line 12 and defined in /home/ubuntu/workspace/cst336/hw/hw2/index.php on line 51
[25-Sep-2018 20:22:03 UTC] PHP Stack trace:
[25-Sep-2018 20:22:03 UTC] PHP   1. {main}() /home/ubuntu/workspace/cst336/hw/hw2/index.php:0
[25-Sep-2018 20:22:03 UTC] PHP   2. displaySkins() /home/ubuntu/workspace/cst336/hw/hw2/index.php:125
[25-Sep-2018 20:22:03 UTC] PHP   3. DisplayMessage() /home/ubuntu/workspace/cst336/hw/hw2/index.php:12
[25-Sep-2018 20:22:03 UTC] PHP Warning:  Missing argument 2 for DisplayMessage(), called in /home/ubuntu/workspace/cst336/hw/hw2/index.php on line 12 and defined in /home/ubuntu/workspace/cst336/hw/hw2/index.php on line 51
[25-Sep-2018 20:22:03 UTC] PHP Stack trace:
[25-Sep-2018 20:22:03 UTC] PHP   1. {main}() /home/ubuntu/workspace/cst336/hw/hw2/index.php:0
[25-Sep-2018 20:22:03 UTC] PHP   2. displaySkins() /home/ubuntu/workspace/cst336/hw/hw2/index.php:126
[25-Sep-2018 20:22:03 UTC] PHP   3. DisplayMessage() /home/ubuntu/workspace/cst336/hw/hw2/index.php:12
[25-Sep-2018 20:22:03 UTC] PHP Warning:  Missing argument 3 for DisplayMessage(), called in /home/ubuntu/workspace/cst336/hw/hw2/index.php on line 12 and defined in /home/ubuntu/workspace/cst336/hw/hw2/index.php on line 51
[25-Sep-2018 20:22:03 UTC] PHP Stack trace:
[25-Sep-2018 20:22:03 UTC] PHP   1. {main}() /home/ubuntu/workspace/cst336/hw/hw2/index.php:0
[25-Sep-2018 20:22:03 UTC] PHP   2. displaySkins() /home/ubuntu/workspace/cst336/hw/hw2/index.php:126
[25-Sep-2018 20:22:03 UTC] PHP   3. DisplayMessage() /home/ubuntu/workspace/cst336/hw/hw2/index.php:12
[25-Sep-2018 20:22:03 UTC] PHP Warning:  Missing argument 2 for DisplayMessage(), called in /home/ubuntu/workspace/cst336/hw/hw2/index.php on line 12 and defined in /home/ubuntu/workspace/cst336/hw/hw2/index.php on line 51
[25-Sep-2018 20:22:03 UTC] PHP Stack trace:
[25-Sep-2018 20:22:03 UTC] PHP   1. {main}() /home/ubuntu/workspace/cst336/hw/hw2/index.php:0
[25-Sep-2018 20:22:03 UTC] PHP   2. displaySkins() /home/ubuntu/workspace/cst336/hw/hw2/index.php:126
[25-Sep-2018 20:22:03 UTC] PHP   3. DisplayMessage() /home/ubuntu/workspace/cst336/hw/hw2/index.php:12
[25-Sep-2018 20:22:03 UTC] PHP Warning:  Missing argument 3 for DisplayMessage(), called in /home/ubuntu/workspace/cst336/hw/hw2/index.php on line 12 and defined in /home/ubuntu/workspace/cst336/hw/hw2/index.php on line 51
[25-Sep-2018 20:22:03 UTC] PHP Stack trace:
[25-Sep-2018 20:22:03 UTC] PHP   1. {main}() /home/ubuntu/workspace/cst336/hw/hw2/index.php:0
[25-Sep-2018 20:22:03 UTC] PHP   2. displaySkins() /home/ubuntu/workspace/cst336/hw/hw2/index.php:126
[25-Sep-2018 20:22:03 UTC] PHP   3. DisplayMessage() /home/ubuntu/workspace/cst336/hw/hw2/index.php:12
[25-Sep-2018 20:22:03 UTC] PHP Warning:  Missing argument 2 for DisplayMessage(), called in /home/ubuntu/workspace/cst336/hw/hw2/index.php on line 12 and defined in /home/ubuntu/workspace/cst336/hw/hw2/index.php on line 51
[25-Sep-2018 20:22:03 UTC] PHP Stack trace:
[25-Sep-2018 20:22:03 UTC] PHP   1. {main}() /home/ubuntu/workspace/cst336/hw/hw2/index.php:0
[25-Sep-2018 20:22:03 UTC] PHP   2. displaySkins() /home/ubuntu/workspace/cst336/hw/hw2/index.php:126
[25-Sep-2018 20:22:03 UTC] PHP   3. DisplayMessage() /home/ubuntu/workspace/cst336/hw/hw2/index.php:12
[25-Sep-2018 20:22:03 UTC] PHP Warning:  Missing argument 3 for DisplayMessage(), called in /home/ubuntu/workspace/cst336/hw/hw2/index.php on line 12 and defined in /home/ubuntu/workspace/cst336/hw/hw2/index.php on line 51
[25-Sep-2018 20:22:03 UTC] PHP Stack trace:
[25-Sep-2018 20:22:03 UTC] PHP   1. {main}() /home/ubuntu/workspace/cst336/hw/hw2/index.php:0
[25-Sep-2018 20:22:03 UTC] PHP   2. displaySkins() /home/ubuntu/workspace/cst336/hw/hw2/index.php:126
[25-Sep-2018 20:22:03 UTC] PHP   3. DisplayMessage() /home/ubuntu/workspace/cst336/hw/hw2/index.php:12
[25-Sep-2018 20:22:03 UTC] PHP Warning:  Missing argument 2 for DisplayMessage(), called in /home/ubuntu/workspace/cst336/hw/hw2/index.php on line 12 and defined in /home/ubuntu/workspace/cst336/hw/hw2/index.php on line 51
[25-Sep-2018 20:22:03 UTC] PHP Stack trace:
[25-Sep-2018 20:22:03 UTC] PHP   1. {main}() /home/ubuntu/workspace/cst336/hw/hw2/index.php:0
[25-Sep-2018 20:22:03 UTC] PHP   2. displaySkins() /home/ubuntu/workspace/cst336/hw/hw2/index.php:127
[25-Sep-2018 20:22:03 UTC] PHP   3. DisplayMessage() /home/ubuntu/workspace/cst336/hw/hw2/index.php:12
[25-Sep-2018 20:22:03 UTC] PHP Warning:  Missing argument 3 for DisplayMessage(), called in /home/ubuntu/workspace/cst336/hw/hw2/index.php on line 12 and defined in /home/ubuntu/workspace/cst336/hw/hw2/index.php on line 51
[25-Sep-2018 20:22:03 UTC] PHP Stack trace:
[25-Sep-2018 20:22:03 UTC] PHP   1. {main}() /home/ubuntu/workspace/cst336/hw/hw2/index.php:0
[25-Sep-2018 20:22:03 UTC] PHP   2. displaySkins() /home/ubuntu/workspace/cst336/hw/hw2/index.php:127
[25-Sep-2018 20:22:03 UTC] PHP   3. DisplayMessage() /home/ubuntu/workspace/cst336/hw/hw2/index.php:12
[25-Sep-2018 20:22:03 UTC] PHP Warning:  Missing argument 2 for DisplayMessage(), called in /home/ubuntu/workspace/cst336/hw/hw2/index.php on line 12 and defined in /home/ubuntu/workspace/cst336/hw/hw2/index.php on line 51
[25-Sep-2018 20:22:03 UTC] PHP Stack trace:
[25-Sep-2018 20:22:03 UTC] PHP   1. {main}() /home/ubuntu/workspace/cst336/hw/hw2/index.php:0
[25-Sep-2018 20:22:03 UTC] PHP   2. displaySkins() /home/ubuntu/workspace/cst336/hw/hw2/index.php:127
[25-Sep-2018 20:22:03 UTC] PHP   3. DisplayMessage() /home/ubuntu/workspace/cst336/hw/hw2/index.php:12
[25-Sep-2018 20:22:03 UTC] PHP Warning:  Missing argument 3 for DisplayMessage(), called in /home/ubuntu/workspace/cst336/hw/hw2/index.php on line 12 and defined in /home/ubuntu/workspace/cst336/hw/hw2/index.php on line 51
[25-Sep-2018 20:22:03 UTC] PHP Stack trace:
[25-Sep-2018 20:22:03 UTC] PHP   1. {main}() /home/ubuntu/workspace/cst336/hw/hw2/index.php:0
[25-Sep-2018 20:22:03 UTC] PHP   2. displaySkins() /home/ubuntu/workspace/cst336/hw/hw2/index.php:127
[25-Sep-2018 20:22:03 UTC] PHP   3. DisplayMessage() /home/ubuntu/workspace/cst336/hw/hw2/index.php:12
[25-Sep-2018 20:22:03 UTC] PHP Warning:  Missing argument 2 for DisplayMessage(), called in /home/ubuntu/workspace/cst336/hw/hw2/index.php on line 12 and defined in /home/ubuntu/workspace/cst336/hw/hw2/index.php on line 51
[25-Sep-2018 20:22:03 UTC] PHP Stack trace:
[25-Sep-2018 20:22:03 UTC] PHP   1. {main}() /home/ubuntu/workspace/cst336/hw/hw2/index.php:0
[25-Sep-2018 20:22:03 UTC] PHP   2. displaySkins() /home/ubuntu/workspace/cst336/hw/hw2/index.php:127
[25-Sep-2018 20:22:03 UTC] PHP   3. DisplayMessage() /home/ubuntu/workspace/cst336/hw/hw2/index.php:12
[25-Sep-2018 20:22:03 UTC] PHP Warning:  Missing argument 3 for DisplayMessage(), called in /home/ubuntu/workspace/cst336/hw/hw2/index.php on line 12 and defined in /home/ubuntu/workspace/cst336/hw/hw2/index.php on line 51
[25-Sep-2018 20:22:03 UTC] PHP Stack trace:
[25-Sep-2018 20:22:03 UTC] PHP   1. {main}() /home/ubuntu/workspace/cst336/hw/hw2/index.php:0
[25-Sep-2018 20:22:03 UTC] PHP   2. displaySkins() /home/ubuntu/workspace/cst336/hw/hw2/index.php:127
[25-Sep-2018 20:22:03 UTC] PHP   3. DisplayMessage() /home/ubuntu/workspace/cst336/hw/hw2/index.php:12
[25-Sep-2018 20:22:31 UTC] PHP Warning:  Missing argument 2 for DisplayMessage(), called in /home/ubuntu/workspace/cst336/hw/hw2/index.php on line 12 and defined in /home/ubuntu/workspace/cst336/hw/hw2/index.php on line 51
[25-Sep-2018 20:22:31 UTC] PHP Stack trace:
[25-Sep-2018 20:22:31 UTC] PHP   1. {main}() /home/ubuntu/workspace/cst336/hw/hw2/index.php:0
[25-Sep-2018 20:22:31 UTC] PHP   2. displaySkins() /home/ubuntu/workspace/cst336/hw/hw2/index.php:125
[25-Sep-2018 20:22:31 UTC] PHP   3. DisplayMessage() /home/ubuntu/workspace/cst336/hw/hw2/index.php:12
[25-Sep-2018 20:22:31 UTC] PHP Warning:  Missing argument 3 for DisplayMessage(), called in /home/ubuntu/workspace/cst336/hw/hw2/index.php on line 12 and defined in /home/ubuntu/workspace/cst336/hw/hw2/index.php on line 51
[25-Sep-2018 20:22:31 UTC] PHP Stack trace:
[25-Sep-2018 20:22:31 UTC] PHP   1. {main}() /home/ubuntu/workspace/cst336/hw/hw2/index.php:0
[25-Sep-2018 20:22:31 UTC] PHP   2. displaySkins() /home/ubuntu/workspace/cst336/hw/hw2/index.php:125
[25-Sep-2018 20:22:31 UTC] PHP   3. DisplayMessage() /home/ubuntu/workspace/cst336/hw/hw2/index.php:12
[25-Sep-2018 20:22:31 UTC] PHP Warning:  Missing argument 2 for DisplayMessage(), called in /home/ubuntu/workspace/cst336/hw/hw2/index.php on line 12 and defined in /home/ubuntu/workspace/cst336/hw/hw2/index.php on line 51
[25-Sep-2018 20:22:31 UTC] PHP Stack trace:
[25-Sep-2018 20:22:31 UTC] PHP   1. {main}() /home/ubuntu/workspace/cst336/hw/hw2/index.php:0
[25-Sep-2018 20:22:31 UTC] PHP   2. displaySkins() /home/ubuntu/workspace/cst336/hw/hw2/index.php:126
[25-Sep-2018 20:22:31 UTC] PHP   3. DisplayMessage() /home/ubuntu/workspace/cst336/hw/hw2/index.php:12
[25-Sep-2018 20:22:31 UTC] PHP Warning:  Missing argument 3 for DisplayMessage(), called in /home/ubuntu/workspace/cst336/hw/hw2/index.php on line 12 and defined in /home/ubuntu/workspace/cst336/hw/hw2/index.php on line 51
[25-Sep-2018 20:22:31 UTC] PHP Stack trace:
[25-Sep-2018 20:22:31 UTC] PHP   1. {main}() /home/ubuntu/workspace/cst336/hw/hw2/index.php:0
[25-Sep-2018 20:22:31 UTC] PHP   2. displaySkins() /home/ubuntu/workspace/cst336/hw/hw2/index.php:126
[25-Sep-2018 20:22:31 UTC] PHP   3. DisplayMessage() /home/ubuntu/workspace/cst336/hw/hw2/index.php:12
[25-Sep-2018 20:22:31 UTC] PHP Warning:  Missing argument 2 for DisplayMessage(), called in /home/ubuntu/workspace/cst336/hw/hw2/index.php on line 12 and defined in /home/ubuntu/workspace/cst336/hw/hw2/index.php on line 51
[25-Sep-2018 20:22:31 UTC] PHP Stack trace:
[25-Sep-2018 20:22:31 UTC] PHP   1. {main}() /home/ubuntu/workspace/cst336/hw/hw2/index.php:0
[25-Sep-2018 20:22:31 UTC] PHP   2. displaySkins() /home/ubuntu/workspace/cst336/hw/hw2/index.php:127
[25-Sep-2018 20:22:31 UTC] PHP   3. DisplayMessage() /home/ubuntu/workspace/cst336/hw/hw2/index.php:12
[25-Sep-2018 20:22:31 UTC] PHP Warning:  Missing argument 3 for DisplayMessage(), called in /home/ubuntu/workspace/cst336/hw/hw2/index.php on line 12 and defined in /home/ubuntu/workspace/cst336/hw/hw2/index.php on line 51
[25-Sep-2018 20:22:31 UTC] PHP Stack trace:
[25-Sep-2018 20:22:31 UTC] PHP   1. {main}() /home/ubuntu/workspace/cst336/hw/hw2/index.php:0
[25-Sep-2018 20:22:31 UTC] PHP   2. displaySkins() /home/ubuntu/workspace/cst336/hw/hw2/index.php:127
[25-Sep-2018 20:22:31 UTC] PHP   3. DisplayMessage() /home/ubuntu/workspace/cst336/hw/hw2/index.php:12
[25-Sep-2018 20:23:02 UTC] PHP Warning:  Missing argument 2 for DisplayMessage(), called in /home/ubuntu/workspace/cst336/hw/hw2/index.php on line 12 and defined in /home/ubuntu/workspace/cst336/hw/hw2/index.php on line 51
[25-Sep-2018 20:23:02 UTC] PHP Stack trace:
[25-Sep-2018 20:23:02 UTC] PHP   1. {main}() /home/ubuntu/workspace/cst336/hw/hw2/index.php:0
[25-Sep-2018 20:23:02 UTC] PHP   2. displaySkins() /home/ubuntu/workspace/cst336/hw/hw2/index.php:125
[25-Sep-2018 20:23:02 UTC] PHP   3. DisplayMessage() /home/ubuntu/workspace/cst336/hw/hw2/index.php:12
[25-Sep-2018 20:23:02 UTC] PHP Warning:  Missing argument 3 for DisplayMessage(), called in /home/ubuntu/workspace/cst336/hw/hw2/index.php on line 12 and defined in /home/ubuntu/workspace/cst336/hw/hw2/index.php on line 51
[25-Sep-2018 20:23:02 UTC] PHP Stack trace:
[25-Sep-2018 20:23:02 UTC] PHP   1. {main}() /home/ubuntu/workspace/cst336/hw/hw2/index.php:0
[25-Sep-2018 20:23:02 UTC] PHP   2. displaySkins() /home/ubuntu/workspace/cst336/hw/hw2/index.php:125
[25-Sep-2018 20:23:02 UTC] PHP   3. DisplayMessage() /home/ubuntu/workspace/cst336/hw/hw2/index.php:12
[25-Sep-2018 20:23:02 UTC] PHP Warning:  Missing argument 2 for DisplayMessage(), called in /home/ubuntu/workspace/cst336/hw/hw2/index.php on line 12 and defined in /home/ubuntu/workspace/cst336/hw/hw2/index.php on line 51
[25-Sep-2018 20:23:02 UTC] PHP Stack trace:
[25-Sep-2018 20:23:02 UTC] PHP   1. {main}() /home/ubuntu/workspace/cst336/hw/hw2/index.php:0
[25-Sep-2018 20:23:02 UTC] PHP   2. displaySkins() /home/ubuntu/workspace/cst336/hw/hw2/index.php:126
[25-Sep-2018 20:23:02 UTC] PHP   3. DisplayMessage() /home/ubuntu/workspace/cst336/hw/hw2/index.php:12
[25-Sep-2018 20:23:02 UTC] PHP Warning:  Missing argument 3 for DisplayMessage(), called in /home/ubuntu/workspace/cst336/hw/hw2/index.php on line 12 and defined in /home/ubuntu/workspace/cst336/hw/hw2/index.php on line 51
[25-Sep-2018 20:23:02 UTC] PHP Stack trace:
[25-Sep-2018 20:23:02 UTC] PHP   1. {main}() /home/ubuntu/workspace/cst336/hw/hw2/index.php:0
[25-Sep-2018 20:23:02 UTC] PHP   2. displaySkins() /home/ubuntu/workspace/cst336/hw/hw2/index.php:126
[25-Sep-2018 20:23:02 UTC] PHP   3. DisplayMessage() /home/ubuntu/workspace/cst336/hw/hw2/index.php:12
[25-Sep-2018 20:23:02 UTC] PHP Warning:  Missing argument 2 for DisplayMessage(), called in /home/ubuntu/workspace/cst336/hw/hw2/index.php on line 12 and defined in /home/ubuntu/workspace/cst336/hw/hw2/index.php on line 51
[25-Sep-2018 20:23:02 UTC] PHP Stack trace:
[25-Sep-2018 20:23:02 UTC] PHP   1. {main}() /home/ubuntu/workspace/cst336/hw/hw2/index.php:0
[25-Sep-2018 20:23:02 UTC] PHP   2. displaySkins() /home/ubuntu/workspace/cst336/hw/hw2/index.php:127
[25-Sep-2018 20:23:02 UTC] PHP   3. DisplayMessage() /home/ubuntu/workspace/cst336/hw/hw2/index.php:12
[25-Sep-2018 20:23:02 UTC] PHP Warning:  Missing argument 3 for DisplayMessage(), called in /home/ubuntu/workspace/cst336/hw/hw2/index.php on line 12 and defined in /home/ubuntu/workspace/cst336/hw/hw2/index.php on line 51
[25-Sep-2018 20:23:02 UTC] PHP Stack trace:
[25-Sep-2018 20:23:02 UTC] PHP   1. {main}() /home/ubuntu/workspace/cst336/hw/hw2/index.php:0
[25-Sep-2018 20:23:02 UTC] PHP   2. displaySkins() /home/ubuntu/workspace/cst336/hw/hw2/index.php:127
[25-Sep-2018 20:23:02 UTC] PHP   3. DisplayMessage() /home/ubuntu/workspace/cst336/hw/hw2/index.php:12
[25-Sep-2018 20:28:13 UTC] PHP Warning:  Missing argument 2 for DisplayMessage(), called in /home/ubuntu/workspace/cst336/hw/hw2/index.php on line 12 and defined in /home/ubuntu/workspace/cst336/hw/hw2/index.php on line 52
[25-Sep-2018 20:28:13 UTC] PHP Stack trace:
[25-Sep-2018 20:28:13 UTC] PHP   1. {main}() /home/ubuntu/workspace/cst336/hw/hw2/index.php:0
[25-Sep-2018 20:28:13 UTC] PHP   2. displaySkins() /home/ubuntu/workspace/cst336/hw/hw2/index.php:126
[25-Sep-2018 20:28:13 UTC] PHP   3. DisplayMessage() /home/ubuntu/workspace/cst336/hw/hw2/index.php:12
[25-Sep-2018 20:28:13 UTC] PHP Warning:  Missing argument 3 for DisplayMessage(), called in /home/ubuntu/workspace/cst336/hw/hw2/index.php on line 12 and defined in /home/ubuntu/workspace/cst336/hw/hw2/index.php on line 52
[25-Sep-2018 20:28:13 UTC] PHP Stack trace:
[25-Sep-2018 20:28:13 UTC] PHP   1. {main}() /home/ubuntu/workspace/cst336/hw/hw2/index.php:0
[25-Sep-2018 20:28:13 UTC] PHP   2. displaySkins() /home/ubuntu/workspace/cst336/hw/hw2/index.php:126
[25-Sep-2018 20:28:13 UTC] PHP   3. DisplayMessage() /home/ubuntu/workspace/cst336/hw/hw2/index.php:12
[25-Sep-2018 20:28:13 UTC] PHP Warning:  Missing argument 2 for DisplayMessage(), called in /home/ubuntu/workspace/cst336/hw/hw2/index.php on line 12 and defined in /home/ubuntu/workspace/cst336/hw/hw2/index.php on line 52
[25-Sep-2018 20:28:13 UTC] PHP Stack trace:
[25-Sep-2018 20:28:13 UTC] PHP   1. {main}() /home/ubuntu/workspace/cst336/hw/hw2/index.php:0
[25-Sep-2018 20:28:13 UTC] PHP   2. displaySkins() /home/ubuntu/workspace/cst336/hw/hw2/index.php:127
[25-Sep-2018 20:28:13 UTC] PHP   3. DisplayMessage() /home/ubuntu/workspace/cst336/hw/hw2/index.php:12
[25-Sep-2018 20:28:13 UTC] PHP Warning:  Missing argument 3 for DisplayMessage(), called in /home/ubuntu/workspace/cst336/hw/hw2/index.php on line 12 and defined in /home/ubuntu/workspace/cst336/hw/hw2/index.php on line 52
[25-Sep-2018 20:28:13 UTC] PHP Stack trace:
[25-Sep-2018 20:28:13 UTC] PHP   1. {main}() /home/ubuntu/workspace/cst336/hw/hw2/index.php:0
[25-Sep-2018 20:28:13 UTC] PHP   2. displaySkins() /home/ubuntu/workspace/cst336/hw/hw2/index.php:127
[25-Sep-2018 20:28:13 UTC] PHP   3. DisplayMessage() /home/ubuntu/workspace/cst336/hw/hw2/index.php:12
[25-Sep-2018 20:28:13 UTC] PHP Warning:  Missing argument 2 for DisplayMessage(), called in /home/ubuntu/workspace/cst336/hw/hw2/index.php on line 12 and defined in /home/ubuntu/workspace/cst336/hw/hw2/index.php on line 52
[25-Sep-2018 20:28:13 UTC] PHP Stack trace:
[25-Sep-2018 20:28:13 UTC] PHP   1. {main}() /home/ubuntu/workspace/cst336/hw/hw2/index.php:0
[25-Sep-2018 20:28:13 UTC] PHP   2. displaySkins() /home/ubuntu/workspace/cst336/hw/hw2/index.php:128
[25-Sep-2018 20:28:13 UTC] PHP   3. DisplayMessage() /home/ubuntu/workspace/cst336/hw/hw2/index.php:12
[25-Sep-2018 20:28:13 UTC] PHP Warning:  Missing argument 3 for DisplayMessage(), called in /home/ubuntu/workspace/cst336/hw/hw2/index.php on line 12 and defined in /home/ubuntu/workspace/cst336/hw/hw2/index.php on line 52
[25-Sep-2018 20:28:13 UTC] PHP Stack trace:
[25-Sep-2018 20:28:13 UTC] PHP   1. {main}() /home/ubuntu/workspace/cst336/hw/hw2/index.php:0
[25-Sep-2018 20:28:13 UTC] PHP   2. displaySkins() /home/ubuntu/workspace/cst336/hw/hw2/index.php:128
[25-Sep-2018 20:28:13 UTC] PHP   3. DisplayMessage() /home/ubuntu/workspace/cst336/hw/hw2/index.php:12
[25-Sep-2018 20:28:19 UTC] PHP Warning:  Missing argument 2 for DisplayMessage(), called in /home/ubuntu/workspace/cst336/hw/hw2/index.php on line 12 and defined in /home/ubuntu/workspace/cst336/hw/hw2/index.php on line 52
[25-Sep-2018 20:28:19 UTC] PHP Stack trace:
[25-Sep-2018 20:28:19 UTC] PHP   1. {main}() /home/ubuntu/workspace/cst336/hw/hw2/index.php:0
[25-Sep-2018 20:28:19 UTC] PHP   2. displaySkins() /home/ubuntu/workspace/cst336/hw/hw2/index.php:126
[25-Sep-2018 20:28:19 UTC] PHP   3. DisplayMessage() /home/ubuntu/workspace/cst336/hw/hw2/index.php:12
[25-Sep-2018 20:28:19 UTC] PHP Warning:  Missing argument 3 for DisplayMessage(), called in /home/ubuntu/workspace/cst336/hw/hw2/index.php on line 12 and defined in /home/ubuntu/workspace/cst336/hw/hw2/index.php on line 52
[25-Sep-2018 20:28:19 UTC] PHP Stack trace:
[25-Sep-2018 20:28:19 UTC] PHP   1. {main}() /home/ubuntu/workspace/cst336/hw/hw2/index.php:0
[25-Sep-2018 20:28:19 UTC] PHP   2. displaySkins() /home/ubuntu/workspace/cst336/hw/hw2/index.php:126
[25-Sep-2018 20:28:19 UTC] PHP   3. DisplayMessage() /home/ubuntu/workspace/cst336/hw/hw2/index.php:12
[25-Sep-2018 20:28:19 UTC] PHP Warning:  Missing argument 2 for DisplayMessage(), called in /home/ubuntu/workspace/cst336/hw/hw2/index.php on line 12 and defined in /home/ubuntu/workspace/cst336/hw/hw2/index.php on line 52
[25-Sep-2018 20:28:19 UTC] PHP Stack trace:
[25-Sep-2018 20:28:19 UTC] PHP   1. {main}() /home/ubuntu/workspace/cst336/hw/hw2/index.php:0
[25-Sep-2018 20:28:19 UTC] PHP   2. displaySkins() /home/ubuntu/workspace/cst336/hw/hw2/index.php:127
[25-Sep-2018 20:28:19 UTC] PHP   3. DisplayMessage() /home/ubuntu/workspace/cst336/hw/hw2/index.php:12
[25-Sep-2018 20:28:19 UTC] PHP Warning:  Missing argument 3 for DisplayMessage(), called in /home/ubuntu/workspace/cst336/hw/hw2/index.php on line 12 and defined in /home/ubuntu/workspace/cst336/hw/hw2/index.php on line 52
[25-Sep-2018 20:28:19 UTC] PHP Stack trace:
[25-Sep-2018 20:28:19 UTC] PHP   1. {main}() /home/ubuntu/workspace/cst336/hw/hw2/index.php:0
[25-Sep-2018 20:28:19 UTC] PHP   2. displaySkins() /home/ubuntu/workspace/cst336/hw/hw2/index.php:127
[25-Sep-2018 20:28:19 UTC] PHP   3. DisplayMessage() /home/ubuntu/workspace/cst336/hw/hw2/index.php:12
[25-Sep-2018 20:28:19 UTC] PHP Warning:  Missing argument 2 for DisplayMessage(), called in /home/ubuntu/workspace/cst336/hw/hw2/index.php on line 12 and defined in /home/ubuntu/workspace/cst336/hw/hw2/index.php on line 52
[25-Sep-2018 20:28:19 UTC] PHP Stack trace:
[25-Sep-2018 20:28:19 UTC] PHP   1. {main}() /home/ubuntu/workspace/cst336/hw/hw2/index.php:0
[25-Sep-2018 20:28:19 UTC] PHP   2. displaySkins() /home/ubuntu/workspace/cst336/hw/hw2/index.php:128
[25-Sep-2018 20:28:19 UTC] PHP   3. DisplayMessage() /home/ubuntu/workspace/cst336/hw/hw2/index.php:12
[25-Sep-2018 20:28:19 UTC] PHP Warning:  Missing argument 3 for DisplayMessage(), called in /home/ubuntu/workspace/cst336/hw/hw2/index.php on line 12 and defined in /home/ubuntu/workspace/cst336/hw/hw2/index.php on line 52
[25-Sep-2018 20:28:19 UTC] PHP Stack trace:
[25-Sep-2018 20:28:19 UTC] PHP   1. {main}() /home/ubuntu/workspace/cst336/hw/hw2/index.php:0
[25-Sep-2018 20:28:19 UTC] PHP   2. displaySkins() /home/ubuntu/workspace/cst336/hw/hw2/index.php:128
[25-Sep-2018 20:28:19 UTC] PHP   3. DisplayMessage() /home/ubuntu/workspace/cst336/hw/hw2/index.php:12
[25-Sep-2018 20:28:20 UTC] PHP Warning:  Missing argument 2 for DisplayMessage(), called in /home/ubuntu/workspace/cst336/hw/hw2/index.php on line 12 and defined in /home/ubuntu/workspace/cst336/hw/hw2/index.php on line 52
[25-Sep-2018 20:28:20 UTC] PHP Stack trace:
[25-Sep-2018 20:28:20 UTC] PHP   1. {main}() /home/ubuntu/workspace/cst336/hw/hw2/index.php:0
[25-Sep-2018 20:28:20 UTC] PHP   2. displaySkins() /home/ubuntu/workspace/cst336/hw/hw2/index.php:126
[25-Sep-2018 20:28:20 UTC] PHP   3. DisplayMessage() /home/ubuntu/workspace/cst336/hw/hw2/index.php:12
[25-Sep-2018 20:28:20 UTC] PHP Warning:  Missing argument 3 for DisplayMessage(), called in /home/ubuntu/workspace/cst336/hw/hw2/index.php on line 12 and defined in /home/ubuntu/workspace/cst336/hw/hw2/index.php on line 52
[25-Sep-2018 20:28:20 UTC] PHP Stack trace:
[25-Sep-2018 20:28:20 UTC] PHP   1. {main}() /home/ubuntu/workspace/cst336/hw/hw2/index.php:0
[25-Sep-2018 20:28:20 UTC] PHP   2. displaySkins() /home/ubuntu/workspace/cst336/hw/hw2/index.php:126
[25-Sep-2018 20:28:20 UTC] PHP   3. DisplayMessage() /home/ubuntu/workspace/cst336/hw/hw2/index.php:12
[25-Sep-2018 20:28:20 UTC] PHP Warning:  Missing argument 2 for DisplayMessage(), called in /home/ubuntu/workspace/cst336/hw/hw2/index.php on line 12 and defined in /home/ubuntu/workspace/cst336/hw/hw2/index.php on line 52
[25-Sep-2018 20:28:20 UTC] PHP Stack trace:
[25-Sep-2018 20:28:20 UTC] PHP   1. {main}() /home/ubuntu/workspace/cst336/hw/hw2/index.php:0
[25-Sep-2018 20:28:20 UTC] PHP   2. displaySkins() /home/ubuntu/workspace/cst336/hw/hw2/index.php:127
[25-Sep-2018 20:28:20 UTC] PHP   3. DisplayMessage() /home/ubuntu/workspace/cst336/hw/hw2/index.php:12
[25-Sep-2018 20:28:20 UTC] PHP Warning:  Missing argument 3 for DisplayMessage(), called in /home/ubuntu/workspace/cst336/hw/hw2/index.php on line 12 and defined in /home/ubuntu/workspace/cst336/hw/hw2/index.php on line 52
[25-Sep-2018 20:28:20 UTC] PHP Stack trace:
[25-Sep-2018 20:28:20 UTC] PHP   1. {main}() /home/ubuntu/workspace/cst336/hw/hw2/index.php:0
[25-Sep-2018 20:28:20 UTC] PHP   2. displaySkins() /home/ubuntu/workspace/cst336/hw/hw2/index.php:127
[25-Sep-2018 20:28:20 UTC] PHP   3. DisplayMessage() /home/ubuntu/workspace/cst336/hw/hw2/index.php:12
[25-Sep-2018 20:28:20 UTC] PHP Warning:  Missing argument 2 for DisplayMessage(), called in /home/ubuntu/workspace/cst336/hw/hw2/index.php on line 12 and defined in /home/ubuntu/workspace/cst336/hw/hw2/index.php on line 52
[25-Sep-2018 20:28:20 UTC] PHP Stack trace:
[25-Sep-2018 20:28:20 UTC] PHP   1. {main}() /home/ubuntu/workspace/cst336/hw/hw2/index.php:0
[25-Sep-2018 20:28:20 UTC] PHP   2. displaySkins() /home/ubuntu/workspace/cst336/hw/hw2/index.php:128
[25-Sep-2018 20:28:20 UTC] PHP   3. DisplayMessage() /home/ubuntu/workspace/cst336/hw/hw2/index.php:12
[25-Sep-2018 20:28:20 UTC] PHP Warning:  Missing argument 3 for DisplayMessage(), called in /home/ubuntu/workspace/cst336/hw/hw2/index.php on line 12 and defined in /home/ubuntu/workspace/cst336/hw/hw2/index.php on line 52
[25-Sep-2018 20:28:20 UTC] PHP Stack trace:
[25-Sep-2018 20:28:20 UTC] PHP   1. {main}() /home/ubuntu/workspace/cst336/hw/hw2/index.php:0
[25-Sep-2018 20:28:20 UTC] PHP   2. displaySkins() /home/ubuntu/workspace/cst336/hw/hw2/index.php:128
[25-Sep-2018 20:28:20 UTC] PHP   3. DisplayMessage() /home/ubuntu/workspace/cst336/hw/hw2/index.php:12
[25-Sep-2018 20:31:36 UTC] PHP Warning:  Missing argument 2 for DisplayMessage(), called in /home/ubuntu/workspace/cst336/hw/hw2/index.php on line 12 and defined in /home/ubuntu/workspace/cst336/hw/hw2/index.php on line 54
[25-Sep-2018 20:31:36 UTC] PHP Stack trace:
[25-Sep-2018 20:31:36 UTC] PHP   1. {main}() /home/ubuntu/workspace/cst336/hw/hw2/index.php:0
[25-Sep-2018 20:31:36 UTC] PHP   2. displaySkins() /home/ubuntu/workspace/cst336/hw/hw2/index.php:126
[25-Sep-2018 20:31:36 UTC] PHP   3. DisplayMessage() /home/ubuntu/workspace/cst336/hw/hw2/index.php:12
[25-Sep-2018 20:31:36 UTC] PHP Warning:  Missing argument 3 for DisplayMessage(), called in /home/ubuntu/workspace/cst336/hw/hw2/index.php on line 12 and defined in /home/ubuntu/workspace/cst336/hw/hw2/index.php on line 54
[25-Sep-2018 20:31:36 UTC] PHP Stack trace:
[25-Sep-2018 20:31:36 UTC] PHP   1. {main}() /home/ubuntu/workspace/cst336/hw/hw2/index.php:0
[25-Sep-2018 20:31:36 UTC] PHP   2. displaySkins() /home/ubuntu/workspace/cst336/hw/hw2/index.php:126
[25-Sep-2018 20:31:36 UTC] PHP   3. DisplayMessage() /home/ubuntu/workspace/cst336/hw/hw2/index.php:12
[25-Sep-2018 20:31:36 UTC] PHP Warning:  Missing argument 2 for DisplayMessage(), called in /home/ubuntu/workspace/cst336/hw/hw2/index.php on line 12 and defined in /home/ubuntu/workspace/cst336/hw/hw2/index.php on line 54
[25-Sep-2018 20:31:36 UTC] PHP Stack trace:
[25-Sep-2018 20:31:36 UTC] PHP   1. {main}() /home/ubuntu/workspace/cst336/hw/hw2/index.php:0
[25-Sep-2018 20:31:36 UTC] PHP   2. displaySkins() /home/ubuntu/workspace/cst336/hw/hw2/index.php:127
[25-Sep-2018 20:31:36 UTC] PHP   3. DisplayMessage() /home/ubuntu/workspace/cst336/hw/hw2/index.php:12
[25-Sep-2018 20:31:36 UTC] PHP Warning:  Missing argument 3 for DisplayMessage(), called in /home/ubuntu/workspace/cst336/hw/hw2/index.php on line 12 and defined in /home/ubuntu/workspace/cst336/hw/hw2/index.php on line 54
[25-Sep-2018 20:31:36 UTC] PHP Stack trace:
[25-Sep-2018 20:31:36 UTC] PHP   1. {main}() /home/ubuntu/workspace/cst336/hw/hw2/index.php:0
[25-Sep-2018 20:31:36 UTC] PHP   2. displaySkins() /home/ubuntu/workspace/cst336/hw/hw2/index.php:127
[25-Sep-2018 20:31:36 UTC] PHP   3. DisplayMessage() /home/ubuntu/workspace/cst336/hw/hw2/index.php:12
[25-Sep-2018 20:31:36 UTC] PHP Warning:  Missing argument 2 for DisplayMessage(), called in /home/ubuntu/workspace/cst336/hw/hw2/index.php on line 12 and defined in /home/ubuntu/workspace/cst336/hw/hw2/index.php on line 54
[25-Sep-2018 20:31:36 UTC] PHP Stack trace:
[25-Sep-2018 20:31:36 UTC] PHP   1. {main}() /home/ubuntu/workspace/cst336/hw/hw2/index.php:0
[25-Sep-2018 20:31:36 UTC] PHP   2. displaySkins() /home/ubuntu/workspace/cst336/hw/hw2/index.php:128
[25-Sep-2018 20:31:36 UTC] PHP   3. DisplayMessage() /home/ubuntu/workspace/cst336/hw/hw2/index.php:12
[25-Sep-2018 20:31:36 UTC] PHP Warning:  Missing argument 3 for DisplayMessage(), called in /home/ubuntu/workspace/cst336/hw/hw2/index.php on line 12 and defined in /home/ubuntu/workspace/cst336/hw/hw2/index.php on line 54
[25-Sep-2018 20:31:36 UTC] PHP Stack trace:
[25-Sep-2018 20:31:36 UTC] PHP   1. {main}() /home/ubuntu/workspace/cst336/hw/hw2/index.php:0
[25-Sep-2018 20:31:36 UTC] PHP   2. displaySkins() /home/ubuntu/workspace/cst336/hw/hw2/index.php:128
[25-Sep-2018 20:31:36 UTC] PHP   3. DisplayMessage() /home/ubuntu/workspace/cst336/hw/hw2/index.php:12
[25-Sep-2018 20:31:54 UTC] PHP Warning:  Missing argument 2 for DisplayMessage(), called in /home/ubuntu/workspace/cst336/hw/hw2/index.php on line 12 and defined in /home/ubuntu/workspace/cst336/hw/hw2/index.php on line 54
[25-Sep-2018 20:31:54 UTC] PHP Stack trace:
[25-Sep-2018 20:31:54 UTC] PHP   1. {main}() /home/ubuntu/workspace/cst336/hw/hw2/index.php:0
[25-Sep-2018 20:31:54 UTC] PHP   2. displaySkins() /home/ubuntu/workspace/cst336/hw/hw2/index.php:126
[25-Sep-2018 20:31:54 UTC] PHP   3. DisplayMessage() /home/ubuntu/workspace/cst336/hw/hw2/index.php:12
[25-Sep-2018 20:31:54 UTC] PHP Warning:  Missing argument 3 for DisplayMessage(), called in /home/ubuntu/workspace/cst336/hw/hw2/index.php on line 12 and defined in /home/ubuntu/workspace/cst336/hw/hw2/index.php on line 54
[25-Sep-2018 20:31:54 UTC] PHP Stack trace:
[25-Sep-2018 20:31:54 UTC] PHP   1. {main}() /home/ubuntu/workspace/cst336/hw/hw2/index.php:0
[25-Sep-2018 20:31:54 UTC] PHP   2. displaySkins() /home/ubuntu/workspace/cst336/hw/hw2/index.php:126
[25-Sep-2018 20:31:54 UTC] PHP   3. DisplayMessage() /home/ubuntu/workspace/cst336/hw/hw2/index.php:12
[25-Sep-2018 20:31:54 UTC] PHP Warning:  Missing argument 2 for DisplayMessage(), called in /home/ubuntu/workspace/cst336/hw/hw2/index.php on line 12 and defined in /home/ubuntu/workspace/cst336/hw/hw2/index.php on line 54
[25-Sep-2018 20:31:54 UTC] PHP Stack trace:
[25-Sep-2018 20:31:54 UTC] PHP   1. {main}() /home/ubuntu/workspace/cst336/hw/hw2/index.php:0
[25-Sep-2018 20:31:54 UTC] PHP   2. displaySkins() /home/ubuntu/workspace/cst336/hw/hw2/index.php:127
[25-Sep-2018 20:31:54 UTC] PHP   3. DisplayMessage() /home/ubuntu/workspace/cst336/hw/hw2/index.php:12
[25-Sep-2018 20:31:54 UTC] PHP Warning:  Missing argument 3 for DisplayMessage(), called in /home/ubuntu/workspace/cst336/hw/hw2/index.php on line 12 and defined in /home/ubuntu/workspace/cst336/hw/hw2/index.php on line 54
[25-Sep-2018 20:31:54 UTC] PHP Stack trace:
[25-Sep-2018 20:31:54 UTC] PHP   1. {main}() /home/ubuntu/workspace/cst336/hw/hw2/index.php:0
[25-Sep-2018 20:31:54 UTC] PHP   2. displaySkins() /home/ubuntu/workspace/cst336/hw/hw2/index.php:127
[25-Sep-2018 20:31:54 UTC] PHP   3. DisplayMessage() /home/ubuntu/workspace/cst336/hw/hw2/index.php:12
[25-Sep-2018 20:31:54 UTC] PHP Warning:  Missing argument 2 for DisplayMessage(), called in /home/ubuntu/workspace/cst336/hw/hw2/index.php on line 12 and defined in /home/ubuntu/workspace/cst336/hw/hw2/index.php on line 54
[25-Sep-2018 20:31:54 UTC] PHP Stack trace:
[25-Sep-2018 20:31:54 UTC] PHP   1. {main}() /home/ubuntu/workspace/cst336/hw/hw2/index.php:0
[25-Sep-2018 20:31:54 UTC] PHP   2. displaySkins() /home/ubuntu/workspace/cst336/hw/hw2/index.php:128
[25-Sep-2018 20:31:54 UTC] PHP   3. DisplayMessage() /home/ubuntu/workspace/cst336/hw/hw2/index.php:12
[25-Sep-2018 20:31:54 UTC] PHP Warning:  Missing argument 3 for DisplayMessage(), called in /home/ubuntu/workspace/cst336/hw/hw2/index.php on line 12 and defined in /home/ubuntu/workspace/cst336/hw/hw2/index.php on line 54
[25-Sep-2018 20:31:54 UTC] PHP Stack trace:
[25-Sep-2018 20:31:54 UTC] PHP   1. {main}() /home/ubuntu/workspace/cst336/hw/hw2/index.php:0
[25-Sep-2018 20:31:54 UTC] PHP   2. displaySkins() /home/ubuntu/workspace/cst336/hw/hw2/index.php:128
[25-Sep-2018 20:31:54 UTC] PHP   3. DisplayMessage() /home/ubuntu/workspace/cst336/hw/hw2/index.php:12
[26-Sep-2018 01:52:56 UTC] PHP Parse error:  syntax error, unexpected 'echo' (T_ECHO) in /home/ubuntu/workspace/cst336/hw/hw2/index.php on line 53
[26-Sep-2018 10:12:05 UTC] PHP Fatal error:  Call to undefined function shuffleArray() in /home/ubuntu/workspace/cst336/hw/hw2/index.php on line 13
[26-Sep-2018 10:12:05 UTC] PHP Stack trace:
[26-Sep-2018 10:12:05 UTC] PHP   1. {main}() /home/ubuntu/workspace/cst336/hw/hw2/index.php:0
[26-Sep-2018 10:12:26 UTC] PHP Fatal error:  Call to undefined function shuffleArray() in /home/ubuntu/workspace/cst336/hw/hw2/index.php on line 13
[26-Sep-2018 10:12:26 UTC] PHP Stack trace:
[26-Sep-2018 10:12:26 UTC] PHP   1. {main}() /home/ubuntu/workspace/cst336/hw/hw2/index.php:0
