[24-Sep-2018 19:14:49 UTC] PHP Warning:  imagepng(): Unable to open 'inc/charts/1537816489.2821.png' for writing: No such file or directory in /home/ubuntu/workspace/cst336/labs/labs3/practice3/p3/inc/charts.php on line 71
[24-Sep-2018 19:14:49 UTC] PHP Stack trace:
[24-Sep-2018 19:14:49 UTC] PHP   1. {main}() /home/ubuntu/workspace/cst336/labs/labs3/practice3/p3/reviews.php:0
[24-Sep-2018 19:14:49 UTC] PHP   2. movieReviews() /home/ubuntu/workspace/cst336/labs/labs3/practice3/p3/reviews.php:60
[24-Sep-2018 19:14:49 UTC] PHP   3. displayRatings() /home/ubuntu/workspace/cst336/labs/labs3/practice3/p3/reviews.php:25
[24-Sep-2018 19:14:49 UTC] PHP   4. bar_graph() /home/ubuntu/workspace/cst336/labs/labs3/practice3/p3/inc/charts.php:30
[24-Sep-2018 19:14:49 UTC] PHP   5. imagepng() /home/ubuntu/workspace/cst336/labs/labs3/practice3/p3/inc/charts.php:71
[24-Sep-2018 19:22:34 UTC] PHP Warning:  imagepng(): Unable to open 'inc/charts/1537816954.3798.png' for writing: No such file or directory in /home/ubuntu/workspace/cst336/labs/labs3/practice3/p3/inc/charts.php on line 71
[24-Sep-2018 19:22:34 UTC] PHP Stack trace:
[24-Sep-2018 19:22:34 UTC] PHP   1. {main}() /home/ubuntu/workspace/cst336/labs/labs3/practice3/p3/reviews.php:0
[24-Sep-2018 19:22:34 UTC] PHP   2. movieReviews() /home/ubuntu/workspace/cst336/labs/labs3/practice3/p3/reviews.php:61
[24-Sep-2018 19:22:34 UTC] PHP   3. displayRatings() /home/ubuntu/workspace/cst336/labs/labs3/practice3/p3/reviews.php:25
[24-Sep-2018 19:22:34 UTC] PHP   4. bar_graph() /home/ubuntu/workspace/cst336/labs/labs3/practice3/p3/inc/charts.php:30
[24-Sep-2018 19:22:34 UTC] PHP   5. imagepng() /home/ubuntu/workspace/cst336/labs/labs3/practice3/p3/inc/charts.php:71
[24-Sep-2018 19:22:34 UTC] PHP Warning:  imagepng(): Unable to open 'inc/charts/1537816954.3891.png' for writing: No such file or directory in /home/ubuntu/workspace/cst336/labs/labs3/practice3/p3/inc/charts.php on line 71
[24-Sep-2018 19:22:34 UTC] PHP Stack trace:
[24-Sep-2018 19:22:34 UTC] PHP   1. {main}() /home/ubuntu/workspace/cst336/labs/labs3/practice3/p3/reviews.php:0
[24-Sep-2018 19:22:34 UTC] PHP   2. movieReviews() /home/ubuntu/workspace/cst336/labs/labs3/practice3/p3/reviews.php:61
[24-Sep-2018 19:22:34 UTC] PHP   3. displayRatings() /home/ubuntu/workspace/cst336/labs/labs3/practice3/p3/reviews.php:25
[24-Sep-2018 19:22:34 UTC] PHP   4. bar_graph() /home/ubuntu/workspace/cst336/labs/labs3/practice3/p3/inc/charts.php:30
[24-Sep-2018 19:22:34 UTC] PHP   5. imagepng() /home/ubuntu/workspace/cst336/labs/labs3/practice3/p3/inc/charts.php:71
[24-Sep-2018 19:22:34 UTC] PHP Warning:  imagepng(): Unable to open 'inc/charts/1537816954.3895.png' for writing: No such file or directory in /home/ubuntu/workspace/cst336/labs/labs3/practice3/p3/inc/charts.php on line 71
[24-Sep-2018 19:22:34 UTC] PHP Stack trace:
[24-Sep-2018 19:22:34 UTC] PHP   1. {main}() /home/ubuntu/workspace/cst336/labs/labs3/practice3/p3/reviews.php:0
[24-Sep-2018 19:22:34 UTC] PHP   2. movieReviews() /home/ubuntu/workspace/cst336/labs/labs3/practice3/p3/reviews.php:61
[24-Sep-2018 19:22:34 UTC] PHP   3. displayRatings() /home/ubuntu/workspace/cst336/labs/labs3/practice3/p3/reviews.php:25
[24-Sep-2018 19:22:34 UTC] PHP   4. bar_graph() /home/ubuntu/workspace/cst336/labs/labs3/practice3/p3/inc/charts.php:30
[24-Sep-2018 19:22:34 UTC] PHP   5. imagepng() /home/ubuntu/workspace/cst336/labs/labs3/practice3/p3/inc/charts.php:71
[24-Sep-2018 19:22:34 UTC] PHP Warning:  imagepng(): Unable to open 'inc/charts/1537816954.3899.png' for writing: No such file or directory in /home/ubuntu/workspace/cst336/labs/labs3/practice3/p3/inc/charts.php on line 71
[24-Sep-2018 19:22:34 UTC] PHP Stack trace:
[24-Sep-2018 19:22:34 UTC] PHP   1. {main}() /home/ubuntu/workspace/cst336/labs/labs3/practice3/p3/reviews.php:0
[24-Sep-2018 19:22:34 UTC] PHP   2. movieReviews() /home/ubuntu/workspace/cst336/labs/labs3/practice3/p3/reviews.php:61
[24-Sep-2018 19:22:34 UTC] PHP   3. displayRatings() /home/ubuntu/workspace/cst336/labs/labs3/practice3/p3/reviews.php:25
[24-Sep-2018 19:22:34 UTC] PHP   4. bar_graph() /home/ubuntu/workspace/cst336/labs/labs3/practice3/p3/inc/charts.php:30
[24-Sep-2018 19:22:34 UTC] PHP   5. imagepng() /home/ubuntu/workspace/cst336/labs/labs3/practice3/p3/inc/charts.php:71
[24-Sep-2018 19:39:46 UTC] PHP Warning:  sort() expects parameter 1 to be array, string given in /home/ubuntu/workspace/cst336/labs/labs3/practice3/p3/reviews.php on line 11
[24-Sep-2018 19:39:46 UTC] PHP Stack trace:
[24-Sep-2018 19:39:46 UTC] PHP   1. {main}() /home/ubuntu/workspace/cst336/labs/labs3/practice3/p3/reviews.php:0
[24-Sep-2018 19:39:46 UTC] PHP   2. movieReviews() /home/ubuntu/workspace/cst336/labs/labs3/practice3/p3/reviews.php:66
[24-Sep-2018 19:39:46 UTC] PHP   3. sort() /home/ubuntu/workspace/cst336/labs/labs3/practice3/p3/reviews.php:11
[24-Sep-2018 19:39:46 UTC] PHP Warning:  sort() expects parameter 1 to be array, string given in /home/ubuntu/workspace/cst336/labs/labs3/practice3/p3/reviews.php on line 11
[24-Sep-2018 19:39:46 UTC] PHP Stack trace:
[24-Sep-2018 19:39:46 UTC] PHP   1. {main}() /home/ubuntu/workspace/cst336/labs/labs3/practice3/p3/reviews.php:0
[24-Sep-2018 19:39:46 UTC] PHP   2. movieReviews() /home/ubuntu/workspace/cst336/labs/labs3/practice3/p3/reviews.php:66
[24-Sep-2018 19:39:46 UTC] PHP   3. sort() /home/ubuntu/workspace/cst336/labs/labs3/practice3/p3/reviews.php:11
[24-Sep-2018 19:39:46 UTC] PHP Warning:  sort() expects parameter 1 to be array, string given in /home/ubuntu/workspace/cst336/labs/labs3/practice3/p3/reviews.php on line 11
[24-Sep-2018 19:39:46 UTC] PHP Stack trace:
[24-Sep-2018 19:39:46 UTC] PHP   1. {main}() /home/ubuntu/workspace/cst336/labs/labs3/practice3/p3/reviews.php:0
[24-Sep-2018 19:39:46 UTC] PHP   2. movieReviews() /home/ubuntu/workspace/cst336/labs/labs3/practice3/p3/reviews.php:66
[24-Sep-2018 19:39:46 UTC] PHP   3. sort() /home/ubuntu/workspace/cst336/labs/labs3/practice3/p3/reviews.php:11
[24-Sep-2018 19:39:46 UTC] PHP Warning:  sort() expects parameter 1 to be array, string given in /home/ubuntu/workspace/cst336/labs/labs3/practice3/p3/reviews.php on line 11
[24-Sep-2018 19:39:46 UTC] PHP Stack trace:
[24-Sep-2018 19:39:46 UTC] PHP   1. {main}() /home/ubuntu/workspace/cst336/labs/labs3/practice3/p3/reviews.php:0
[24-Sep-2018 19:39:46 UTC] PHP   2. movieReviews() /home/ubuntu/workspace/cst336/labs/labs3/practice3/p3/reviews.php:66
[24-Sep-2018 19:39:46 UTC] PHP   3. sort() /home/ubuntu/workspace/cst336/labs/labs3/practice3/p3/reviews.php:11
[24-Sep-2018 19:39:49 UTC] PHP Warning:  sort() expects parameter 1 to be array, string given in /home/ubuntu/workspace/cst336/labs/labs3/practice3/p3/reviews.php on line 11
[24-Sep-2018 19:39:49 UTC] PHP Stack trace:
[24-Sep-2018 19:39:49 UTC] PHP   1. {main}() /home/ubuntu/workspace/cst336/labs/labs3/practice3/p3/reviews.php:0
[24-Sep-2018 19:39:49 UTC] PHP   2. movieReviews() /home/ubuntu/workspace/cst336/labs/labs3/practice3/p3/reviews.php:66
[24-Sep-2018 19:39:49 UTC] PHP   3. sort() /home/ubuntu/workspace/cst336/labs/labs3/practice3/p3/reviews.php:11
[24-Sep-2018 19:39:49 UTC] PHP Warning:  sort() expects parameter 1 to be array, string given in /home/ubuntu/workspace/cst336/labs/labs3/practice3/p3/reviews.php on line 11
[24-Sep-2018 19:39:49 UTC] PHP Stack trace:
[24-Sep-2018 19:39:49 UTC] PHP   1. {main}() /home/ubuntu/workspace/cst336/labs/labs3/practice3/p3/reviews.php:0
[24-Sep-2018 19:39:49 UTC] PHP   2. movieReviews() /home/ubuntu/workspace/cst336/labs/labs3/practice3/p3/reviews.php:66
[24-Sep-2018 19:39:49 UTC] PHP   3. sort() /home/ubuntu/workspace/cst336/labs/labs3/practice3/p3/reviews.php:11
[24-Sep-2018 19:39:49 UTC] PHP Warning:  sort() expects parameter 1 to be array, string given in /home/ubuntu/workspace/cst336/labs/labs3/practice3/p3/reviews.php on line 11
[24-Sep-2018 19:39:49 UTC] PHP Stack trace:
[24-Sep-2018 19:39:49 UTC] PHP   1. {main}() /home/ubuntu/workspace/cst336/labs/labs3/practice3/p3/reviews.php:0
[24-Sep-2018 19:39:49 UTC] PHP   2. movieReviews() /home/ubuntu/workspace/cst336/labs/labs3/practice3/p3/reviews.php:66
[24-Sep-2018 19:39:49 UTC] PHP   3. sort() /home/ubuntu/workspace/cst336/labs/labs3/practice3/p3/reviews.php:11
[24-Sep-2018 19:39:49 UTC] PHP Warning:  sort() expects parameter 1 to be array, string given in /home/ubuntu/workspace/cst336/labs/labs3/practice3/p3/reviews.php on line 11
[24-Sep-2018 19:39:49 UTC] PHP Stack trace:
[24-Sep-2018 19:39:49 UTC] PHP   1. {main}() /home/ubuntu/workspace/cst336/labs/labs3/practice3/p3/reviews.php:0
[24-Sep-2018 19:39:49 UTC] PHP   2. movieReviews() /home/ubuntu/workspace/cst336/labs/labs3/practice3/p3/reviews.php:66
[24-Sep-2018 19:39:49 UTC] PHP   3. sort() /home/ubuntu/workspace/cst336/labs/labs3/practice3/p3/reviews.php:11
[24-Sep-2018 19:47:29 UTC] PHP Warning:  sort() expects parameter 1 to be array, string given in /home/ubuntu/workspace/cst336/labs/labs3/practice3/p3/reviews.php on line 11
[24-Sep-2018 19:47:29 UTC] PHP Stack trace:
[24-Sep-2018 19:47:29 UTC] PHP   1. {main}() /home/ubuntu/workspace/cst336/labs/labs3/practice3/p3/reviews.php:0
[24-Sep-2018 19:47:29 UTC] PHP   2. movieReviews() /home/ubuntu/workspace/cst336/labs/labs3/practice3/p3/reviews.php:63
[24-Sep-2018 19:47:29 UTC] PHP   3. sort() /home/ubuntu/workspace/cst336/labs/labs3/practice3/p3/reviews.php:11
[24-Sep-2018 19:47:29 UTC] PHP Warning:  sort() expects parameter 1 to be array, string given in /home/ubuntu/workspace/cst336/labs/labs3/practice3/p3/reviews.php on line 11
[24-Sep-2018 19:47:29 UTC] PHP Stack trace:
[24-Sep-2018 19:47:29 UTC] PHP   1. {main}() /home/ubuntu/workspace/cst336/labs/labs3/practice3/p3/reviews.php:0
[24-Sep-2018 19:47:29 UTC] PHP   2. movieReviews() /home/ubuntu/workspace/cst336/labs/labs3/practice3/p3/reviews.php:63
[24-Sep-2018 19:47:29 UTC] PHP   3. sort() /home/ubuntu/workspace/cst336/labs/labs3/practice3/p3/reviews.php:11
[24-Sep-2018 19:47:29 UTC] PHP Warning:  sort() expects parameter 1 to be array, string given in /home/ubuntu/workspace/cst336/labs/labs3/practice3/p3/reviews.php on line 11
[24-Sep-2018 19:47:29 UTC] PHP Stack trace:
[24-Sep-2018 19:47:29 UTC] PHP   1. {main}() /home/ubuntu/workspace/cst336/labs/labs3/practice3/p3/reviews.php:0
[24-Sep-2018 19:47:29 UTC] PHP   2. movieReviews() /home/ubuntu/workspace/cst336/labs/labs3/practice3/p3/reviews.php:63
[24-Sep-2018 19:47:29 UTC] PHP   3. sort() /home/ubuntu/workspace/cst336/labs/labs3/practice3/p3/reviews.php:11
[24-Sep-2018 19:47:29 UTC] PHP Warning:  sort() expects parameter 1 to be array, string given in /home/ubuntu/workspace/cst336/labs/labs3/practice3/p3/reviews.php on line 11
[24-Sep-2018 19:47:29 UTC] PHP Stack trace:
[24-Sep-2018 19:47:29 UTC] PHP   1. {main}() /home/ubuntu/workspace/cst336/labs/labs3/practice3/p3/reviews.php:0
[24-Sep-2018 19:47:29 UTC] PHP   2. movieReviews() /home/ubuntu/workspace/cst336/labs/labs3/practice3/p3/reviews.php:63
[24-Sep-2018 19:47:29 UTC] PHP   3. sort() /home/ubuntu/workspace/cst336/labs/labs3/practice3/p3/reviews.php:11
[24-Sep-2018 19:47:45 UTC] PHP Warning:  sort() expects parameter 1 to be array, string given in /home/ubuntu/workspace/cst336/labs/labs3/practice3/p3/reviews.php on line 16
[24-Sep-2018 19:47:45 UTC] PHP Stack trace:
[24-Sep-2018 19:47:45 UTC] PHP   1. {main}() /home/ubuntu/workspace/cst336/labs/labs3/practice3/p3/reviews.php:0
[24-Sep-2018 19:47:45 UTC] PHP   2. movieReviews() /home/ubuntu/workspace/cst336/labs/labs3/practice3/p3/reviews.php:63
[24-Sep-2018 19:47:45 UTC] PHP   3. sort() /home/ubuntu/workspace/cst336/labs/labs3/practice3/p3/reviews.php:16
[24-Sep-2018 19:47:45 UTC] PHP Warning:  sort() expects parameter 1 to be array, string given in /home/ubuntu/workspace/cst336/labs/labs3/practice3/p3/reviews.php on line 16
[24-Sep-2018 19:47:45 UTC] PHP Stack trace:
[24-Sep-2018 19:47:45 UTC] PHP   1. {main}() /home/ubuntu/workspace/cst336/labs/labs3/practice3/p3/reviews.php:0
[24-Sep-2018 19:47:45 UTC] PHP   2. movieReviews() /home/ubuntu/workspace/cst336/labs/labs3/practice3/p3/reviews.php:63
[24-Sep-2018 19:47:45 UTC] PHP   3. sort() /home/ubuntu/workspace/cst336/labs/labs3/practice3/p3/reviews.php:16
[24-Sep-2018 19:47:45 UTC] PHP Warning:  sort() expects parameter 1 to be array, string given in /home/ubuntu/workspace/cst336/labs/labs3/practice3/p3/reviews.php on line 16
[24-Sep-2018 19:47:45 UTC] PHP Stack trace:
[24-Sep-2018 19:47:45 UTC] PHP   1. {main}() /home/ubuntu/workspace/cst336/labs/labs3/practice3/p3/reviews.php:0
[24-Sep-2018 19:47:45 UTC] PHP   2. movieReviews() /home/ubuntu/workspace/cst336/labs/labs3/practice3/p3/reviews.php:63
[24-Sep-2018 19:47:45 UTC] PHP   3. sort() /home/ubuntu/workspace/cst336/labs/labs3/practice3/p3/reviews.php:16
[24-Sep-2018 19:47:45 UTC] PHP Warning:  sort() expects parameter 1 to be array, string given in /home/ubuntu/workspace/cst336/labs/labs3/practice3/p3/reviews.php on line 16
[24-Sep-2018 19:47:45 UTC] PHP Stack trace:
[24-Sep-2018 19:47:45 UTC] PHP   1. {main}() /home/ubuntu/workspace/cst336/labs/labs3/practice3/p3/reviews.php:0
[24-Sep-2018 19:47:45 UTC] PHP   2. movieReviews() /home/ubuntu/workspace/cst336/labs/labs3/practice3/p3/reviews.php:63
[24-Sep-2018 19:47:45 UTC] PHP   3. sort() /home/ubuntu/workspace/cst336/labs/labs3/practice3/p3/reviews.php:16
[24-Sep-2018 19:47:48 UTC] PHP Warning:  sort() expects parameter 1 to be array, string given in /home/ubuntu/workspace/cst336/labs/labs3/practice3/p3/reviews.php on line 16
[24-Sep-2018 19:47:48 UTC] PHP Stack trace:
[24-Sep-2018 19:47:48 UTC] PHP   1. {main}() /home/ubuntu/workspace/cst336/labs/labs3/practice3/p3/reviews.php:0
[24-Sep-2018 19:47:48 UTC] PHP   2. movieReviews() /home/ubuntu/workspace/cst336/labs/labs3/practice3/p3/reviews.php:63
[24-Sep-2018 19:47:48 UTC] PHP   3. sort() /home/ubuntu/workspace/cst336/labs/labs3/practice3/p3/reviews.php:16
[24-Sep-2018 19:47:48 UTC] PHP Warning:  sort() expects parameter 1 to be array, string given in /home/ubuntu/workspace/cst336/labs/labs3/practice3/p3/reviews.php on line 16
[24-Sep-2018 19:47:48 UTC] PHP Stack trace:
[24-Sep-2018 19:47:48 UTC] PHP   1. {main}() /home/ubuntu/workspace/cst336/labs/labs3/practice3/p3/reviews.php:0
[24-Sep-2018 19:47:48 UTC] PHP   2. movieReviews() /home/ubuntu/workspace/cst336/labs/labs3/practice3/p3/reviews.php:63
[24-Sep-2018 19:47:48 UTC] PHP   3. sort() /home/ubuntu/workspace/cst336/labs/labs3/practice3/p3/reviews.php:16
[24-Sep-2018 19:47:48 UTC] PHP Warning:  sort() expects parameter 1 to be array, string given in /home/ubuntu/workspace/cst336/labs/labs3/practice3/p3/reviews.php on line 16
[24-Sep-2018 19:47:48 UTC] PHP Stack trace:
[24-Sep-2018 19:47:48 UTC] PHP   1. {main}() /home/ubuntu/workspace/cst336/labs/labs3/practice3/p3/reviews.php:0
[24-Sep-2018 19:47:48 UTC] PHP   2. movieReviews() /home/ubuntu/workspace/cst336/labs/labs3/practice3/p3/reviews.php:63
[24-Sep-2018 19:47:48 UTC] PHP   3. sort() /home/ubuntu/workspace/cst336/labs/labs3/practice3/p3/reviews.php:16
[24-Sep-2018 19:47:48 UTC] PHP Warning:  sort() expects parameter 1 to be array, string given in /home/ubuntu/workspace/cst336/labs/labs3/practice3/p3/reviews.php on line 16
[24-Sep-2018 19:47:48 UTC] PHP Stack trace:
[24-Sep-2018 19:47:48 UTC] PHP   1. {main}() /home/ubuntu/workspace/cst336/labs/labs3/practice3/p3/reviews.php:0
[24-Sep-2018 19:47:48 UTC] PHP   2. movieReviews() /home/ubuntu/workspace/cst336/labs/labs3/practice3/p3/reviews.php:63
[24-Sep-2018 19:47:48 UTC] PHP   3. sort() /home/ubuntu/workspace/cst336/labs/labs3/practice3/p3/reviews.php:16
[24-Sep-2018 19:47:49 UTC] PHP Warning:  sort() expects parameter 1 to be array, string given in /home/ubuntu/workspace/cst336/labs/labs3/practice3/p3/reviews.php on line 16
[24-Sep-2018 19:47:49 UTC] PHP Stack trace:
[24-Sep-2018 19:47:49 UTC] PHP   1. {main}() /home/ubuntu/workspace/cst336/labs/labs3/practice3/p3/reviews.php:0
[24-Sep-2018 19:47:49 UTC] PHP   2. movieReviews() /home/ubuntu/workspace/cst336/labs/labs3/practice3/p3/reviews.php:63
[24-Sep-2018 19:47:49 UTC] PHP   3. sort() /home/ubuntu/workspace/cst336/labs/labs3/practice3/p3/reviews.php:16
[24-Sep-2018 19:47:49 UTC] PHP Warning:  sort() expects parameter 1 to be array, string given in /home/ubuntu/workspace/cst336/labs/labs3/practice3/p3/reviews.php on line 16
[24-Sep-2018 19:47:49 UTC] PHP Stack trace:
[24-Sep-2018 19:47:49 UTC] PHP   1. {main}() /home/ubuntu/workspace/cst336/labs/labs3/practice3/p3/reviews.php:0
[24-Sep-2018 19:47:49 UTC] PHP   2. movieReviews() /home/ubuntu/workspace/cst336/labs/labs3/practice3/p3/reviews.php:63
[24-Sep-2018 19:47:49 UTC] PHP   3. sort() /home/ubuntu/workspace/cst336/labs/labs3/practice3/p3/reviews.php:16
[24-Sep-2018 19:47:49 UTC] PHP Warning:  sort() expects parameter 1 to be array, string given in /home/ubuntu/workspace/cst336/labs/labs3/practice3/p3/reviews.php on line 16
[24-Sep-2018 19:47:49 UTC] PHP Stack trace:
[24-Sep-2018 19:47:49 UTC] PHP   1. {main}() /home/ubuntu/workspace/cst336/labs/labs3/practice3/p3/reviews.php:0
[24-Sep-2018 19:47:49 UTC] PHP   2. movieReviews() /home/ubuntu/workspace/cst336/labs/labs3/practice3/p3/reviews.php:63
[24-Sep-2018 19:47:49 UTC] PHP   3. sort() /home/ubuntu/workspace/cst336/labs/labs3/practice3/p3/reviews.php:16
[24-Sep-2018 19:47:49 UTC] PHP Warning:  sort() expects parameter 1 to be array, string given in /home/ubuntu/workspace/cst336/labs/labs3/practice3/p3/reviews.php on line 16
[24-Sep-2018 19:47:49 UTC] PHP Stack trace:
[24-Sep-2018 19:47:49 UTC] PHP   1. {main}() /home/ubuntu/workspace/cst336/labs/labs3/practice3/p3/reviews.php:0
[24-Sep-2018 19:47:49 UTC] PHP   2. movieReviews() /home/ubuntu/workspace/cst336/labs/labs3/practice3/p3/reviews.php:63
[24-Sep-2018 19:47:49 UTC] PHP   3. sort() /home/ubuntu/workspace/cst336/labs/labs3/practice3/p3/reviews.php:16
[24-Sep-2018 19:47:51 UTC] PHP Warning:  sort() expects parameter 1 to be array, string given in /home/ubuntu/workspace/cst336/labs/labs3/practice3/p3/reviews.php on line 16
[24-Sep-2018 19:47:51 UTC] PHP Stack trace:
[24-Sep-2018 19:47:51 UTC] PHP   1. {main}() /home/ubuntu/workspace/cst336/labs/labs3/practice3/p3/reviews.php:0
[24-Sep-2018 19:47:51 UTC] PHP   2. movieReviews() /home/ubuntu/workspace/cst336/labs/labs3/practice3/p3/reviews.php:63
[24-Sep-2018 19:47:51 UTC] PHP   3. sort() /home/ubuntu/workspace/cst336/labs/labs3/practice3/p3/reviews.php:16
[24-Sep-2018 19:47:51 UTC] PHP Warning:  sort() expects parameter 1 to be array, string given in /home/ubuntu/workspace/cst336/labs/labs3/practice3/p3/reviews.php on line 16
[24-Sep-2018 19:47:51 UTC] PHP Stack trace:
[24-Sep-2018 19:47:51 UTC] PHP   1. {main}() /home/ubuntu/workspace/cst336/labs/labs3/practice3/p3/reviews.php:0
[24-Sep-2018 19:47:51 UTC] PHP   2. movieReviews() /home/ubuntu/workspace/cst336/labs/labs3/practice3/p3/reviews.php:63
[24-Sep-2018 19:47:51 UTC] PHP   3. sort() /home/ubuntu/workspace/cst336/labs/labs3/practice3/p3/reviews.php:16
[24-Sep-2018 19:47:51 UTC] PHP Warning:  sort() expects parameter 1 to be array, string given in /home/ubuntu/workspace/cst336/labs/labs3/practice3/p3/reviews.php on line 16
[24-Sep-2018 19:47:51 UTC] PHP Stack trace:
[24-Sep-2018 19:47:51 UTC] PHP   1. {main}() /home/ubuntu/workspace/cst336/labs/labs3/practice3/p3/reviews.php:0
[24-Sep-2018 19:47:51 UTC] PHP   2. movieReviews() /home/ubuntu/workspace/cst336/labs/labs3/practice3/p3/reviews.php:63
[24-Sep-2018 19:47:51 UTC] PHP   3. sort() /home/ubuntu/workspace/cst336/labs/labs3/practice3/p3/reviews.php:16
[24-Sep-2018 19:47:51 UTC] PHP Warning:  sort() expects parameter 1 to be array, string given in /home/ubuntu/workspace/cst336/labs/labs3/practice3/p3/reviews.php on line 16
[24-Sep-2018 19:47:51 UTC] PHP Stack trace:
[24-Sep-2018 19:47:51 UTC] PHP   1. {main}() /home/ubuntu/workspace/cst336/labs/labs3/practice3/p3/reviews.php:0
[24-Sep-2018 19:47:51 UTC] PHP   2. movieReviews() /home/ubuntu/workspace/cst336/labs/labs3/practice3/p3/reviews.php:63
[24-Sep-2018 19:47:51 UTC] PHP   3. sort() /home/ubuntu/workspace/cst336/labs/labs3/practice3/p3/reviews.php:16
[24-Sep-2018 19:47:53 UTC] PHP Warning:  sort() expects parameter 1 to be array, string given in /home/ubuntu/workspace/cst336/labs/labs3/practice3/p3/reviews.php on line 16
[24-Sep-2018 19:47:53 UTC] PHP Stack trace:
[24-Sep-2018 19:47:53 UTC] PHP   1. {main}() /home/ubuntu/workspace/cst336/labs/labs3/practice3/p3/reviews.php:0
[24-Sep-2018 19:47:53 UTC] PHP   2. movieReviews() /home/ubuntu/workspace/cst336/labs/labs3/practice3/p3/reviews.php:63
[24-Sep-2018 19:47:53 UTC] PHP   3. sort() /home/ubuntu/workspace/cst336/labs/labs3/practice3/p3/reviews.php:16
[24-Sep-2018 19:47:53 UTC] PHP Warning:  sort() expects parameter 1 to be array, string given in /home/ubuntu/workspace/cst336/labs/labs3/practice3/p3/reviews.php on line 16
[24-Sep-2018 19:47:53 UTC] PHP Stack trace:
[24-Sep-2018 19:47:53 UTC] PHP   1. {main}() /home/ubuntu/workspace/cst336/labs/labs3/practice3/p3/reviews.php:0
[24-Sep-2018 19:47:53 UTC] PHP   2. movieReviews() /home/ubuntu/workspace/cst336/labs/labs3/practice3/p3/reviews.php:63
[24-Sep-2018 19:47:53 UTC] PHP   3. sort() /home/ubuntu/workspace/cst336/labs/labs3/practice3/p3/reviews.php:16
[24-Sep-2018 19:47:53 UTC] PHP Warning:  sort() expects parameter 1 to be array, string given in /home/ubuntu/workspace/cst336/labs/labs3/practice3/p3/reviews.php on line 16
[24-Sep-2018 19:47:53 UTC] PHP Stack trace:
[24-Sep-2018 19:47:53 UTC] PHP   1. {main}() /home/ubuntu/workspace/cst336/labs/labs3/practice3/p3/reviews.php:0
[24-Sep-2018 19:47:53 UTC] PHP   2. movieReviews() /home/ubuntu/workspace/cst336/labs/labs3/practice3/p3/reviews.php:63
[24-Sep-2018 19:47:53 UTC] PHP   3. sort() /home/ubuntu/workspace/cst336/labs/labs3/practice3/p3/reviews.php:16
[24-Sep-2018 19:47:53 UTC] PHP Warning:  sort() expects parameter 1 to be array, string given in /home/ubuntu/workspace/cst336/labs/labs3/practice3/p3/reviews.php on line 16
[24-Sep-2018 19:47:53 UTC] PHP Stack trace:
[24-Sep-2018 19:47:53 UTC] PHP   1. {main}() /home/ubuntu/workspace/cst336/labs/labs3/practice3/p3/reviews.php:0
[24-Sep-2018 19:47:53 UTC] PHP   2. movieReviews() /home/ubuntu/workspace/cst336/labs/labs3/practice3/p3/reviews.php:63
[24-Sep-2018 19:47:53 UTC] PHP   3. sort() /home/ubuntu/workspace/cst336/labs/labs3/practice3/p3/reviews.php:16
[24-Sep-2018 19:47:54 UTC] PHP Warning:  sort() expects parameter 1 to be array, string given in /home/ubuntu/workspace/cst336/labs/labs3/practice3/p3/reviews.php on line 16
[24-Sep-2018 19:47:54 UTC] PHP Stack trace:
[24-Sep-2018 19:47:54 UTC] PHP   1. {main}() /home/ubuntu/workspace/cst336/labs/labs3/practice3/p3/reviews.php:0
[24-Sep-2018 19:47:54 UTC] PHP   2. movieReviews() /home/ubuntu/workspace/cst336/labs/labs3/practice3/p3/reviews.php:63
[24-Sep-2018 19:47:54 UTC] PHP   3. sort() /home/ubuntu/workspace/cst336/labs/labs3/practice3/p3/reviews.php:16
[24-Sep-2018 19:47:54 UTC] PHP Warning:  sort() expects parameter 1 to be array, string given in /home/ubuntu/workspace/cst336/labs/labs3/practice3/p3/reviews.php on line 16
[24-Sep-2018 19:47:54 UTC] PHP Stack trace:
[24-Sep-2018 19:47:54 UTC] PHP   1. {main}() /home/ubuntu/workspace/cst336/labs/labs3/practice3/p3/reviews.php:0
[24-Sep-2018 19:47:54 UTC] PHP   2. movieReviews() /home/ubuntu/workspace/cst336/labs/labs3/practice3/p3/reviews.php:63
[24-Sep-2018 19:47:54 UTC] PHP   3. sort() /home/ubuntu/workspace/cst336/labs/labs3/practice3/p3/reviews.php:16
[24-Sep-2018 19:47:54 UTC] PHP Warning:  sort() expects parameter 1 to be array, string given in /home/ubuntu/workspace/cst336/labs/labs3/practice3/p3/reviews.php on line 16
[24-Sep-2018 19:47:54 UTC] PHP Stack trace:
[24-Sep-2018 19:47:54 UTC] PHP   1. {main}() /home/ubuntu/workspace/cst336/labs/labs3/practice3/p3/reviews.php:0
[24-Sep-2018 19:47:54 UTC] PHP   2. movieReviews() /home/ubuntu/workspace/cst336/labs/labs3/practice3/p3/reviews.php:63
[24-Sep-2018 19:47:54 UTC] PHP   3. sort() /home/ubuntu/workspace/cst336/labs/labs3/practice3/p3/reviews.php:16
[24-Sep-2018 19:47:54 UTC] PHP Warning:  sort() expects parameter 1 to be array, string given in /home/ubuntu/workspace/cst336/labs/labs3/practice3/p3/reviews.php on line 16
[24-Sep-2018 19:47:54 UTC] PHP Stack trace:
[24-Sep-2018 19:47:54 UTC] PHP   1. {main}() /home/ubuntu/workspace/cst336/labs/labs3/practice3/p3/reviews.php:0
[24-Sep-2018 19:47:54 UTC] PHP   2. movieReviews() /home/ubuntu/workspace/cst336/labs/labs3/practice3/p3/reviews.php:63
[24-Sep-2018 19:47:54 UTC] PHP   3. sort() /home/ubuntu/workspace/cst336/labs/labs3/practice3/p3/reviews.php:16
[24-Sep-2018 19:51:03 UTC] PHP Warning:  sort() expects parameter 1 to be array, string given in /home/ubuntu/workspace/cst336/labs/labs3/practice3/p3/reviews.php on line 35
[24-Sep-2018 19:51:03 UTC] PHP Stack trace:
[24-Sep-2018 19:51:03 UTC] PHP   1. {main}() /home/ubuntu/workspace/cst336/labs/labs3/practice3/p3/reviews.php:0
[24-Sep-2018 19:51:03 UTC] PHP   2. movieReviews() /home/ubuntu/workspace/cst336/labs/labs3/practice3/p3/reviews.php:65
[24-Sep-2018 19:51:03 UTC] PHP   3. sort() /home/ubuntu/workspace/cst336/labs/labs3/practice3/p3/reviews.php:35
[24-Sep-2018 19:51:03 UTC] PHP Warning:  sort() expects parameter 1 to be array, string given in /home/ubuntu/workspace/cst336/labs/labs3/practice3/p3/reviews.php on line 35
[24-Sep-2018 19:51:03 UTC] PHP Stack trace:
[24-Sep-2018 19:51:03 UTC] PHP   1. {main}() /home/ubuntu/workspace/cst336/labs/labs3/practice3/p3/reviews.php:0
[24-Sep-2018 19:51:03 UTC] PHP   2. movieReviews() /home/ubuntu/workspace/cst336/labs/labs3/practice3/p3/reviews.php:65
[24-Sep-2018 19:51:03 UTC] PHP   3. sort() /home/ubuntu/workspace/cst336/labs/labs3/practice3/p3/reviews.php:35
[24-Sep-2018 19:51:03 UTC] PHP Warning:  sort() expects parameter 1 to be array, string given in /home/ubuntu/workspace/cst336/labs/labs3/practice3/p3/reviews.php on line 35
[24-Sep-2018 19:51:03 UTC] PHP Stack trace:
[24-Sep-2018 19:51:03 UTC] PHP   1. {main}() /home/ubuntu/workspace/cst336/labs/labs3/practice3/p3/reviews.php:0
[24-Sep-2018 19:51:03 UTC] PHP   2. movieReviews() /home/ubuntu/workspace/cst336/labs/labs3/practice3/p3/reviews.php:65
[24-Sep-2018 19:51:03 UTC] PHP   3. sort() /home/ubuntu/workspace/cst336/labs/labs3/practice3/p3/reviews.php:35
[24-Sep-2018 19:51:03 UTC] PHP Warning:  sort() expects parameter 1 to be array, string given in /home/ubuntu/workspace/cst336/labs/labs3/practice3/p3/reviews.php on line 35
[24-Sep-2018 19:51:03 UTC] PHP Stack trace:
[24-Sep-2018 19:51:03 UTC] PHP   1. {main}() /home/ubuntu/workspace/cst336/labs/labs3/practice3/p3/reviews.php:0
[24-Sep-2018 19:51:03 UTC] PHP   2. movieReviews() /home/ubuntu/workspace/cst336/labs/labs3/practice3/p3/reviews.php:65
[24-Sep-2018 19:51:03 UTC] PHP   3. sort() /home/ubuntu/workspace/cst336/labs/labs3/practice3/p3/reviews.php:35
[24-Sep-2018 19:53:41 UTC] PHP Warning:  sort() expects parameter 1 to be array, null given in /home/ubuntu/workspace/cst336/labs/labs3/practice3/p3/reviews.php on line 41
[24-Sep-2018 19:53:41 UTC] PHP Stack trace:
[24-Sep-2018 19:53:41 UTC] PHP   1. {main}() /home/ubuntu/workspace/cst336/labs/labs3/practice3/p3/reviews.php:0
[24-Sep-2018 19:53:41 UTC] PHP   2. movieReviews() /home/ubuntu/workspace/cst336/labs/labs3/practice3/p3/reviews.php:71
[24-Sep-2018 19:53:41 UTC] PHP   3. SortedArray() /home/ubuntu/workspace/cst336/labs/labs3/practice3/p3/reviews.php:14
[24-Sep-2018 19:53:41 UTC] PHP   4. sort() /home/ubuntu/workspace/cst336/labs/labs3/practice3/p3/reviews.php:41
[24-Sep-2018 19:53:41 UTC] PHP Warning:  sort() expects parameter 1 to be array, null given in /home/ubuntu/workspace/cst336/labs/labs3/practice3/p3/reviews.php on line 41
[24-Sep-2018 19:53:41 UTC] PHP Stack trace:
[24-Sep-2018 19:53:41 UTC] PHP   1. {main}() /home/ubuntu/workspace/cst336/labs/labs3/practice3/p3/reviews.php:0
[24-Sep-2018 19:53:41 UTC] PHP   2. movieReviews() /home/ubuntu/workspace/cst336/labs/labs3/practice3/p3/reviews.php:71
[24-Sep-2018 19:53:41 UTC] PHP   3. SortedArray() /home/ubuntu/workspace/cst336/labs/labs3/practice3/p3/reviews.php:14
[24-Sep-2018 19:53:41 UTC] PHP   4. sort() /home/ubuntu/workspace/cst336/labs/labs3/practice3/p3/reviews.php:41
[24-Sep-2018 19:53:41 UTC] PHP Warning:  sort() expects parameter 1 to be array, null given in /home/ubuntu/workspace/cst336/labs/labs3/practice3/p3/reviews.php on line 41
[24-Sep-2018 19:53:41 UTC] PHP Stack trace:
[24-Sep-2018 19:53:41 UTC] PHP   1. {main}() /home/ubuntu/workspace/cst336/labs/labs3/practice3/p3/reviews.php:0
[24-Sep-2018 19:53:41 UTC] PHP   2. movieReviews() /home/ubuntu/workspace/cst336/labs/labs3/practice3/p3/reviews.php:71
[24-Sep-2018 19:53:41 UTC] PHP   3. SortedArray() /home/ubuntu/workspace/cst336/labs/labs3/practice3/p3/reviews.php:14
[24-Sep-2018 19:53:41 UTC] PHP   4. sort() /home/ubuntu/workspace/cst336/labs/labs3/practice3/p3/reviews.php:41
[24-Sep-2018 19:53:41 UTC] PHP Warning:  sort() expects parameter 1 to be array, null given in /home/ubuntu/workspace/cst336/labs/labs3/practice3/p3/reviews.php on line 41
[24-Sep-2018 19:53:41 UTC] PHP Stack trace:
[24-Sep-2018 19:53:41 UTC] PHP   1. {main}() /home/ubuntu/workspace/cst336/labs/labs3/practice3/p3/reviews.php:0
[24-Sep-2018 19:53:41 UTC] PHP   2. movieReviews() /home/ubuntu/workspace/cst336/labs/labs3/practice3/p3/reviews.php:71
[24-Sep-2018 19:53:41 UTC] PHP   3. SortedArray() /home/ubuntu/workspace/cst336/labs/labs3/practice3/p3/reviews.php:14
[24-Sep-2018 19:53:41 UTC] PHP   4. sort() /home/ubuntu/workspace/cst336/labs/labs3/practice3/p3/reviews.php:41
[24-Sep-2018 19:53:45 UTC] PHP Warning:  sort() expects parameter 1 to be array, null given in /home/ubuntu/workspace/cst336/labs/labs3/practice3/p3/reviews.php on line 41
[24-Sep-2018 19:53:45 UTC] PHP Stack trace:
[24-Sep-2018 19:53:45 UTC] PHP   1. {main}() /home/ubuntu/workspace/cst336/labs/labs3/practice3/p3/reviews.php:0
[24-Sep-2018 19:53:45 UTC] PHP   2. movieReviews() /home/ubuntu/workspace/cst336/labs/labs3/practice3/p3/reviews.php:71
[24-Sep-2018 19:53:45 UTC] PHP   3. SortedArray() /home/ubuntu/workspace/cst336/labs/labs3/practice3/p3/reviews.php:14
[24-Sep-2018 19:53:45 UTC] PHP   4. sort() /home/ubuntu/workspace/cst336/labs/labs3/practice3/p3/reviews.php:41
[24-Sep-2018 19:53:45 UTC] PHP Warning:  sort() expects parameter 1 to be array, null given in /home/ubuntu/workspace/cst336/labs/labs3/practice3/p3/reviews.php on line 41
[24-Sep-2018 19:53:45 UTC] PHP Stack trace:
[24-Sep-2018 19:53:45 UTC] PHP   1. {main}() /home/ubuntu/workspace/cst336/labs/labs3/practice3/p3/reviews.php:0
[24-Sep-2018 19:53:45 UTC] PHP   2. movieReviews() /home/ubuntu/workspace/cst336/labs/labs3/practice3/p3/reviews.php:71
[24-Sep-2018 19:53:45 UTC] PHP   3. SortedArray() /home/ubuntu/workspace/cst336/labs/labs3/practice3/p3/reviews.php:14
[24-Sep-2018 19:53:45 UTC] PHP   4. sort() /home/ubuntu/workspace/cst336/labs/labs3/practice3/p3/reviews.php:41
[24-Sep-2018 19:53:45 UTC] PHP Warning:  sort() expects parameter 1 to be array, null given in /home/ubuntu/workspace/cst336/labs/labs3/practice3/p3/reviews.php on line 41
[24-Sep-2018 19:53:45 UTC] PHP Stack trace:
[24-Sep-2018 19:53:45 UTC] PHP   1. {main}() /home/ubuntu/workspace/cst336/labs/labs3/practice3/p3/reviews.php:0
[24-Sep-2018 19:53:45 UTC] PHP   2. movieReviews() /home/ubuntu/workspace/cst336/labs/labs3/practice3/p3/reviews.php:71
[24-Sep-2018 19:53:45 UTC] PHP   3. SortedArray() /home/ubuntu/workspace/cst336/labs/labs3/practice3/p3/reviews.php:14
[24-Sep-2018 19:53:45 UTC] PHP   4. sort() /home/ubuntu/workspace/cst336/labs/labs3/practice3/p3/reviews.php:41
[24-Sep-2018 19:53:45 UTC] PHP Warning:  sort() expects parameter 1 to be array, null given in /home/ubuntu/workspace/cst336/labs/labs3/practice3/p3/reviews.php on line 41
[24-Sep-2018 19:53:45 UTC] PHP Stack trace:
[24-Sep-2018 19:53:45 UTC] PHP   1. {main}() /home/ubuntu/workspace/cst336/labs/labs3/practice3/p3/reviews.php:0
[24-Sep-2018 19:53:45 UTC] PHP   2. movieReviews() /home/ubuntu/workspace/cst336/labs/labs3/practice3/p3/reviews.php:71
[24-Sep-2018 19:53:45 UTC] PHP   3. SortedArray() /home/ubuntu/workspace/cst336/labs/labs3/practice3/p3/reviews.php:14
[24-Sep-2018 19:53:45 UTC] PHP   4. sort() /home/ubuntu/workspace/cst336/labs/labs3/practice3/p3/reviews.php:41
[24-Sep-2018 20:02:57 UTC] PHP Warning:  sort() expects parameter 1 to be array, string given in /home/ubuntu/workspace/cst336/labs/labs3/practice3/p3/reviews.php on line 11
[24-Sep-2018 20:02:57 UTC] PHP Stack trace:
[24-Sep-2018 20:02:57 UTC] PHP   1. {main}() /home/ubuntu/workspace/cst336/labs/labs3/practice3/p3/reviews.php:0
[24-Sep-2018 20:02:57 UTC] PHP   2. movieReviews() /home/ubuntu/workspace/cst336/labs/labs3/practice3/p3/reviews.php:74
[24-Sep-2018 20:02:57 UTC] PHP   3. sort() /home/ubuntu/workspace/cst336/labs/labs3/practice3/p3/reviews.php:11
[24-Sep-2018 20:02:57 UTC] PHP Warning:  sort() expects parameter 1 to be array, string given in /home/ubuntu/workspace/cst336/labs/labs3/practice3/p3/reviews.php on line 11
[24-Sep-2018 20:02:57 UTC] PHP Stack trace:
[24-Sep-2018 20:02:57 UTC] PHP   1. {main}() /home/ubuntu/workspace/cst336/labs/labs3/practice3/p3/reviews.php:0
[24-Sep-2018 20:02:57 UTC] PHP   2. movieReviews() /home/ubuntu/workspace/cst336/labs/labs3/practice3/p3/reviews.php:74
[24-Sep-2018 20:02:57 UTC] PHP   3. sort() /home/ubuntu/workspace/cst336/labs/labs3/practice3/p3/reviews.php:11
[24-Sep-2018 20:02:57 UTC] PHP Warning:  sort() expects parameter 1 to be array, string given in /home/ubuntu/workspace/cst336/labs/labs3/practice3/p3/reviews.php on line 11
[24-Sep-2018 20:02:57 UTC] PHP Stack trace:
[24-Sep-2018 20:02:57 UTC] PHP   1. {main}() /home/ubuntu/workspace/cst336/labs/labs3/practice3/p3/reviews.php:0
[24-Sep-2018 20:02:57 UTC] PHP   2. movieReviews() /home/ubuntu/workspace/cst336/labs/labs3/practice3/p3/reviews.php:74
[24-Sep-2018 20:02:57 UTC] PHP   3. sort() /home/ubuntu/workspace/cst336/labs/labs3/practice3/p3/reviews.php:11
[24-Sep-2018 20:02:57 UTC] PHP Warning:  sort() expects parameter 1 to be array, string given in /home/ubuntu/workspace/cst336/labs/labs3/practice3/p3/reviews.php on line 11
[24-Sep-2018 20:02:57 UTC] PHP Stack trace:
[24-Sep-2018 20:02:57 UTC] PHP   1. {main}() /home/ubuntu/workspace/cst336/labs/labs3/practice3/p3/reviews.php:0
[24-Sep-2018 20:02:57 UTC] PHP   2. movieReviews() /home/ubuntu/workspace/cst336/labs/labs3/practice3/p3/reviews.php:74
[24-Sep-2018 20:02:57 UTC] PHP   3. sort() /home/ubuntu/workspace/cst336/labs/labs3/practice3/p3/reviews.php:11
[24-Sep-2018 20:03:01 UTC] PHP Warning:  sort() expects parameter 1 to be array, string given in /home/ubuntu/workspace/cst336/labs/labs3/practice3/p3/reviews.php on line 11
[24-Sep-2018 20:03:01 UTC] PHP Stack trace:
[24-Sep-2018 20:03:01 UTC] PHP   1. {main}() /home/ubuntu/workspace/cst336/labs/labs3/practice3/p3/reviews.php:0
[24-Sep-2018 20:03:01 UTC] PHP   2. movieReviews() /home/ubuntu/workspace/cst336/labs/labs3/practice3/p3/reviews.php:74
[24-Sep-2018 20:03:01 UTC] PHP   3. sort() /home/ubuntu/workspace/cst336/labs/labs3/practice3/p3/reviews.php:11
[24-Sep-2018 20:03:01 UTC] PHP Warning:  sort() expects parameter 1 to be array, string given in /home/ubuntu/workspace/cst336/labs/labs3/practice3/p3/reviews.php on line 11
[24-Sep-2018 20:03:01 UTC] PHP Stack trace:
[24-Sep-2018 20:03:01 UTC] PHP   1. {main}() /home/ubuntu/workspace/cst336/labs/labs3/practice3/p3/reviews.php:0
[24-Sep-2018 20:03:01 UTC] PHP   2. movieReviews() /home/ubuntu/workspace/cst336/labs/labs3/practice3/p3/reviews.php:74
[24-Sep-2018 20:03:01 UTC] PHP   3. sort() /home/ubuntu/workspace/cst336/labs/labs3/practice3/p3/reviews.php:11
[24-Sep-2018 20:03:01 UTC] PHP Warning:  sort() expects parameter 1 to be array, string given in /home/ubuntu/workspace/cst336/labs/labs3/practice3/p3/reviews.php on line 11
[24-Sep-2018 20:03:01 UTC] PHP Stack trace:
[24-Sep-2018 20:03:01 UTC] PHP   1. {main}() /home/ubuntu/workspace/cst336/labs/labs3/practice3/p3/reviews.php:0
[24-Sep-2018 20:03:01 UTC] PHP   2. movieReviews() /home/ubuntu/workspace/cst336/labs/labs3/practice3/p3/reviews.php:74
[24-Sep-2018 20:03:01 UTC] PHP   3. sort() /home/ubuntu/workspace/cst336/labs/labs3/practice3/p3/reviews.php:11
[24-Sep-2018 20:03:01 UTC] PHP Warning:  sort() expects parameter 1 to be array, string given in /home/ubuntu/workspace/cst336/labs/labs3/practice3/p3/reviews.php on line 11
[24-Sep-2018 20:03:01 UTC] PHP Stack trace:
[24-Sep-2018 20:03:01 UTC] PHP   1. {main}() /home/ubuntu/workspace/cst336/labs/labs3/practice3/p3/reviews.php:0
[24-Sep-2018 20:03:01 UTC] PHP   2. movieReviews() /home/ubuntu/workspace/cst336/labs/labs3/practice3/p3/reviews.php:74
[24-Sep-2018 20:03:01 UTC] PHP   3. sort() /home/ubuntu/workspace/cst336/labs/labs3/practice3/p3/reviews.php:11
[24-Sep-2018 20:03:02 UTC] PHP Warning:  sort() expects parameter 1 to be array, string given in /home/ubuntu/workspace/cst336/labs/labs3/practice3/p3/reviews.php on line 11
[24-Sep-2018 20:03:02 UTC] PHP Stack trace:
[24-Sep-2018 20:03:02 UTC] PHP   1. {main}() /home/ubuntu/workspace/cst336/labs/labs3/practice3/p3/reviews.php:0
[24-Sep-2018 20:03:02 UTC] PHP   2. movieReviews() /home/ubuntu/workspace/cst336/labs/labs3/practice3/p3/reviews.php:74
[24-Sep-2018 20:03:02 UTC] PHP   3. sort() /home/ubuntu/workspace/cst336/labs/labs3/practice3/p3/reviews.php:11
[24-Sep-2018 20:03:02 UTC] PHP Warning:  sort() expects parameter 1 to be array, string given in /home/ubuntu/workspace/cst336/labs/labs3/practice3/p3/reviews.php on line 11
[24-Sep-2018 20:03:02 UTC] PHP Stack trace:
[24-Sep-2018 20:03:02 UTC] PHP   1. {main}() /home/ubuntu/workspace/cst336/labs/labs3/practice3/p3/reviews.php:0
[24-Sep-2018 20:03:02 UTC] PHP   2. movieReviews() /home/ubuntu/workspace/cst336/labs/labs3/practice3/p3/reviews.php:74
[24-Sep-2018 20:03:02 UTC] PHP   3. sort() /home/ubuntu/workspace/cst336/labs/labs3/practice3/p3/reviews.php:11
[24-Sep-2018 20:03:02 UTC] PHP Warning:  sort() expects parameter 1 to be array, string given in /home/ubuntu/workspace/cst336/labs/labs3/practice3/p3/reviews.php on line 11
[24-Sep-2018 20:03:02 UTC] PHP Stack trace:
[24-Sep-2018 20:03:02 UTC] PHP   1. {main}() /home/ubuntu/workspace/cst336/labs/labs3/practice3/p3/reviews.php:0
[24-Sep-2018 20:03:02 UTC] PHP   2. movieReviews() /home/ubuntu/workspace/cst336/labs/labs3/practice3/p3/reviews.php:74
[24-Sep-2018 20:03:02 UTC] PHP   3. sort() /home/ubuntu/workspace/cst336/labs/labs3/practice3/p3/reviews.php:11
[24-Sep-2018 20:03:02 UTC] PHP Warning:  sort() expects parameter 1 to be array, string given in /home/ubuntu/workspace/cst336/labs/labs3/practice3/p3/reviews.php on line 11
[24-Sep-2018 20:03:02 UTC] PHP Stack trace:
[24-Sep-2018 20:03:02 UTC] PHP   1. {main}() /home/ubuntu/workspace/cst336/labs/labs3/practice3/p3/reviews.php:0
[24-Sep-2018 20:03:02 UTC] PHP   2. movieReviews() /home/ubuntu/workspace/cst336/labs/labs3/practice3/p3/reviews.php:74
[24-Sep-2018 20:03:02 UTC] PHP   3. sort() /home/ubuntu/workspace/cst336/labs/labs3/practice3/p3/reviews.php:11
[24-Sep-2018 20:03:02 UTC] PHP Warning:  sort() expects parameter 1 to be array, string given in /home/ubuntu/workspace/cst336/labs/labs3/practice3/p3/reviews.php on line 11
[24-Sep-2018 20:03:02 UTC] PHP Stack trace:
[24-Sep-2018 20:03:02 UTC] PHP   1. {main}() /home/ubuntu/workspace/cst336/labs/labs3/practice3/p3/reviews.php:0
[24-Sep-2018 20:03:02 UTC] PHP   2. movieReviews() /home/ubuntu/workspace/cst336/labs/labs3/practice3/p3/reviews.php:74
[24-Sep-2018 20:03:02 UTC] PHP   3. sort() /home/ubuntu/workspace/cst336/labs/labs3/practice3/p3/reviews.php:11
[24-Sep-2018 20:03:02 UTC] PHP Warning:  sort() expects parameter 1 to be array, string given in /home/ubuntu/workspace/cst336/labs/labs3/practice3/p3/reviews.php on line 11
[24-Sep-2018 20:03:02 UTC] PHP Stack trace:
[24-Sep-2018 20:03:02 UTC] PHP   1. {main}() /home/ubuntu/workspace/cst336/labs/labs3/practice3/p3/reviews.php:0
[24-Sep-2018 20:03:02 UTC] PHP   2. movieReviews() /home/ubuntu/workspace/cst336/labs/labs3/practice3/p3/reviews.php:74
[24-Sep-2018 20:03:02 UTC] PHP   3. sort() /home/ubuntu/workspace/cst336/labs/labs3/practice3/p3/reviews.php:11
[24-Sep-2018 20:03:02 UTC] PHP Warning:  sort() expects parameter 1 to be array, string given in /home/ubuntu/workspace/cst336/labs/labs3/practice3/p3/reviews.php on line 11
[24-Sep-2018 20:03:02 UTC] PHP Stack trace:
[24-Sep-2018 20:03:02 UTC] PHP   1. {main}() /home/ubuntu/workspace/cst336/labs/labs3/practice3/p3/reviews.php:0
[24-Sep-2018 20:03:02 UTC] PHP   2. movieReviews() /home/ubuntu/workspace/cst336/labs/labs3/practice3/p3/reviews.php:74
[24-Sep-2018 20:03:02 UTC] PHP   3. sort() /home/ubuntu/workspace/cst336/labs/labs3/practice3/p3/reviews.php:11
[24-Sep-2018 20:03:02 UTC] PHP Warning:  sort() expects parameter 1 to be array, string given in /home/ubuntu/workspace/cst336/labs/labs3/practice3/p3/reviews.php on line 11
[24-Sep-2018 20:03:02 UTC] PHP Stack trace:
[24-Sep-2018 20:03:02 UTC] PHP   1. {main}() /home/ubuntu/workspace/cst336/labs/labs3/practice3/p3/reviews.php:0
[24-Sep-2018 20:03:02 UTC] PHP   2. movieReviews() /home/ubuntu/workspace/cst336/labs/labs3/practice3/p3/reviews.php:74
[24-Sep-2018 20:03:02 UTC] PHP   3. sort() /home/ubuntu/workspace/cst336/labs/labs3/practice3/p3/reviews.php:11
[24-Sep-2018 20:03:03 UTC] PHP Warning:  sort() expects parameter 1 to be array, string given in /home/ubuntu/workspace/cst336/labs/labs3/practice3/p3/reviews.php on line 11
[24-Sep-2018 20:03:03 UTC] PHP Stack trace:
[24-Sep-2018 20:03:03 UTC] PHP   1. {main}() /home/ubuntu/workspace/cst336/labs/labs3/practice3/p3/reviews.php:0
[24-Sep-2018 20:03:03 UTC] PHP   2. movieReviews() /home/ubuntu/workspace/cst336/labs/labs3/practice3/p3/reviews.php:74
[24-Sep-2018 20:03:03 UTC] PHP   3. sort() /home/ubuntu/workspace/cst336/labs/labs3/practice3/p3/reviews.php:11
[24-Sep-2018 20:03:03 UTC] PHP Warning:  sort() expects parameter 1 to be array, string given in /home/ubuntu/workspace/cst336/labs/labs3/practice3/p3/reviews.php on line 11
[24-Sep-2018 20:03:03 UTC] PHP Stack trace:
[24-Sep-2018 20:03:03 UTC] PHP   1. {main}() /home/ubuntu/workspace/cst336/labs/labs3/practice3/p3/reviews.php:0
[24-Sep-2018 20:03:03 UTC] PHP   2. movieReviews() /home/ubuntu/workspace/cst336/labs/labs3/practice3/p3/reviews.php:74
[24-Sep-2018 20:03:03 UTC] PHP   3. sort() /home/ubuntu/workspace/cst336/labs/labs3/practice3/p3/reviews.php:11
[24-Sep-2018 20:03:03 UTC] PHP Warning:  sort() expects parameter 1 to be array, string given in /home/ubuntu/workspace/cst336/labs/labs3/practice3/p3/reviews.php on line 11
[24-Sep-2018 20:03:03 UTC] PHP Stack trace:
[24-Sep-2018 20:03:03 UTC] PHP   1. {main}() /home/ubuntu/workspace/cst336/labs/labs3/practice3/p3/reviews.php:0
[24-Sep-2018 20:03:03 UTC] PHP   2. movieReviews() /home/ubuntu/workspace/cst336/labs/labs3/practice3/p3/reviews.php:74
[24-Sep-2018 20:03:03 UTC] PHP   3. sort() /home/ubuntu/workspace/cst336/labs/labs3/practice3/p3/reviews.php:11
[24-Sep-2018 20:03:03 UTC] PHP Warning:  sort() expects parameter 1 to be array, string given in /home/ubuntu/workspace/cst336/labs/labs3/practice3/p3/reviews.php on line 11
[24-Sep-2018 20:03:03 UTC] PHP Stack trace:
[24-Sep-2018 20:03:03 UTC] PHP   1. {main}() /home/ubuntu/workspace/cst336/labs/labs3/practice3/p3/reviews.php:0
[24-Sep-2018 20:03:03 UTC] PHP   2. movieReviews() /home/ubuntu/workspace/cst336/labs/labs3/practice3/p3/reviews.php:74
[24-Sep-2018 20:03:03 UTC] PHP   3. sort() /home/ubuntu/workspace/cst336/labs/labs3/practice3/p3/reviews.php:11
[24-Sep-2018 20:03:29 UTC] PHP Warning:  sort() expects parameter 1 to be array, string given in /home/ubuntu/workspace/cst336/labs/labs3/practice3/p3/reviews.php on line 11
[24-Sep-2018 20:03:29 UTC] PHP Stack trace:
[24-Sep-2018 20:03:29 UTC] PHP   1. {main}() /home/ubuntu/workspace/cst336/labs/labs3/practice3/p3/reviews.php:0
[24-Sep-2018 20:03:29 UTC] PHP   2. movieReviews() /home/ubuntu/workspace/cst336/labs/labs3/practice3/p3/reviews.php:76
[24-Sep-2018 20:03:29 UTC] PHP   3. sort() /home/ubuntu/workspace/cst336/labs/labs3/practice3/p3/reviews.php:11
[24-Sep-2018 20:03:29 UTC] PHP Warning:  sort() expects parameter 1 to be array, string given in /home/ubuntu/workspace/cst336/labs/labs3/practice3/p3/reviews.php on line 11
[24-Sep-2018 20:03:29 UTC] PHP Stack trace:
[24-Sep-2018 20:03:29 UTC] PHP   1. {main}() /home/ubuntu/workspace/cst336/labs/labs3/practice3/p3/reviews.php:0
[24-Sep-2018 20:03:29 UTC] PHP   2. movieReviews() /home/ubuntu/workspace/cst336/labs/labs3/practice3/p3/reviews.php:76
[24-Sep-2018 20:03:29 UTC] PHP   3. sort() /home/ubuntu/workspace/cst336/labs/labs3/practice3/p3/reviews.php:11
[24-Sep-2018 20:03:29 UTC] PHP Warning:  sort() expects parameter 1 to be array, string given in /home/ubuntu/workspace/cst336/labs/labs3/practice3/p3/reviews.php on line 11
[24-Sep-2018 20:03:29 UTC] PHP Stack trace:
[24-Sep-2018 20:03:29 UTC] PHP   1. {main}() /home/ubuntu/workspace/cst336/labs/labs3/practice3/p3/reviews.php:0
[24-Sep-2018 20:03:29 UTC] PHP   2. movieReviews() /home/ubuntu/workspace/cst336/labs/labs3/practice3/p3/reviews.php:76
[24-Sep-2018 20:03:29 UTC] PHP   3. sort() /home/ubuntu/workspace/cst336/labs/labs3/practice3/p3/reviews.php:11
[24-Sep-2018 20:03:29 UTC] PHP Warning:  sort() expects parameter 1 to be array, string given in /home/ubuntu/workspace/cst336/labs/labs3/practice3/p3/reviews.php on line 11
[24-Sep-2018 20:03:29 UTC] PHP Stack trace:
[24-Sep-2018 20:03:29 UTC] PHP   1. {main}() /home/ubuntu/workspace/cst336/labs/labs3/practice3/p3/reviews.php:0
[24-Sep-2018 20:03:29 UTC] PHP   2. movieReviews() /home/ubuntu/workspace/cst336/labs/labs3/practice3/p3/reviews.php:76
[24-Sep-2018 20:03:29 UTC] PHP   3. sort() /home/ubuntu/workspace/cst336/labs/labs3/practice3/p3/reviews.php:11
[24-Sep-2018 20:04:09 UTC] PHP Warning:  sort() expects parameter 1 to be array, string given in /home/ubuntu/workspace/cst336/labs/labs3/practice3/p3/reviews.php on line 11
[24-Sep-2018 20:04:09 UTC] PHP Stack trace:
[24-Sep-2018 20:04:09 UTC] PHP   1. {main}() /home/ubuntu/workspace/cst336/labs/labs3/practice3/p3/reviews.php:0
[24-Sep-2018 20:04:09 UTC] PHP   2. movieReviews() /home/ubuntu/workspace/cst336/labs/labs3/practice3/p3/reviews.php:76
[24-Sep-2018 20:04:09 UTC] PHP   3. sort() /home/ubuntu/workspace/cst336/labs/labs3/practice3/p3/reviews.php:11
[24-Sep-2018 20:04:09 UTC] PHP Warning:  sort() expects parameter 1 to be array, string given in /home/ubuntu/workspace/cst336/labs/labs3/practice3/p3/reviews.php on line 11
[24-Sep-2018 20:04:09 UTC] PHP Stack trace:
[24-Sep-2018 20:04:09 UTC] PHP   1. {main}() /home/ubuntu/workspace/cst336/labs/labs3/practice3/p3/reviews.php:0
[24-Sep-2018 20:04:09 UTC] PHP   2. movieReviews() /home/ubuntu/workspace/cst336/labs/labs3/practice3/p3/reviews.php:76
[24-Sep-2018 20:04:09 UTC] PHP   3. sort() /home/ubuntu/workspace/cst336/labs/labs3/practice3/p3/reviews.php:11
[24-Sep-2018 20:04:09 UTC] PHP Warning:  sort() expects parameter 1 to be array, string given in /home/ubuntu/workspace/cst336/labs/labs3/practice3/p3/reviews.php on line 11
[24-Sep-2018 20:04:09 UTC] PHP Stack trace:
[24-Sep-2018 20:04:09 UTC] PHP   1. {main}() /home/ubuntu/workspace/cst336/labs/labs3/practice3/p3/reviews.php:0
[24-Sep-2018 20:04:09 UTC] PHP   2. movieReviews() /home/ubuntu/workspace/cst336/labs/labs3/practice3/p3/reviews.php:76
[24-Sep-2018 20:04:09 UTC] PHP   3. sort() /home/ubuntu/workspace/cst336/labs/labs3/practice3/p3/reviews.php:11
[24-Sep-2018 20:04:09 UTC] PHP Warning:  sort() expects parameter 1 to be array, string given in /home/ubuntu/workspace/cst336/labs/labs3/practice3/p3/reviews.php on line 11
[24-Sep-2018 20:04:09 UTC] PHP Stack trace:
[24-Sep-2018 20:04:09 UTC] PHP   1. {main}() /home/ubuntu/workspace/cst336/labs/labs3/practice3/p3/reviews.php:0
[24-Sep-2018 20:04:09 UTC] PHP   2. movieReviews() /home/ubuntu/workspace/cst336/labs/labs3/practice3/p3/reviews.php:76
[24-Sep-2018 20:04:09 UTC] PHP   3. sort() /home/ubuntu/workspace/cst336/labs/labs3/practice3/p3/reviews.php:11
[24-Sep-2018 20:04:21 UTC] PHP Warning:  sort() expects parameter 1 to be array, string given in /home/ubuntu/workspace/cst336/labs/labs3/practice3/p3/reviews.php on line 11
[24-Sep-2018 20:04:21 UTC] PHP Stack trace:
[24-Sep-2018 20:04:21 UTC] PHP   1. {main}() /home/ubuntu/workspace/cst336/labs/labs3/practice3/p3/reviews.php:0
[24-Sep-2018 20:04:21 UTC] PHP   2. movieReviews() /home/ubuntu/workspace/cst336/labs/labs3/practice3/p3/reviews.php:76
[24-Sep-2018 20:04:21 UTC] PHP   3. sort() /home/ubuntu/workspace/cst336/labs/labs3/practice3/p3/reviews.php:11
[24-Sep-2018 20:05:40 UTC] PHP Warning:  sort() expects parameter 1 to be array, string given in /home/ubuntu/workspace/cst336/labs/labs3/practice3/p3/reviews.php on line 11
[24-Sep-2018 20:05:40 UTC] PHP Stack trace:
[24-Sep-2018 20:05:40 UTC] PHP   1. {main}() /home/ubuntu/workspace/cst336/labs/labs3/practice3/p3/reviews.php:0
[24-Sep-2018 20:05:40 UTC] PHP   2. movieReviews() /home/ubuntu/workspace/cst336/labs/labs3/practice3/p3/reviews.php:76
[24-Sep-2018 20:05:40 UTC] PHP   3. sort() /home/ubuntu/workspace/cst336/labs/labs3/practice3/p3/reviews.php:11
[24-Sep-2018 20:05:40 UTC] PHP Warning:  sort() expects parameter 1 to be array, string given in /home/ubuntu/workspace/cst336/labs/labs3/practice3/p3/reviews.php on line 11
[24-Sep-2018 20:05:40 UTC] PHP Stack trace:
[24-Sep-2018 20:05:40 UTC] PHP   1. {main}() /home/ubuntu/workspace/cst336/labs/labs3/practice3/p3/reviews.php:0
[24-Sep-2018 20:05:40 UTC] PHP   2. movieReviews() /home/ubuntu/workspace/cst336/labs/labs3/practice3/p3/reviews.php:76
[24-Sep-2018 20:05:40 UTC] PHP   3. sort() /home/ubuntu/workspace/cst336/labs/labs3/practice3/p3/reviews.php:11
[24-Sep-2018 20:05:40 UTC] PHP Warning:  sort() expects parameter 1 to be array, string given in /home/ubuntu/workspace/cst336/labs/labs3/practice3/p3/reviews.php on line 11
[24-Sep-2018 20:05:40 UTC] PHP Stack trace:
[24-Sep-2018 20:05:40 UTC] PHP   1. {main}() /home/ubuntu/workspace/cst336/labs/labs3/practice3/p3/reviews.php:0
[24-Sep-2018 20:05:40 UTC] PHP   2. movieReviews() /home/ubuntu/workspace/cst336/labs/labs3/practice3/p3/reviews.php:76
[24-Sep-2018 20:05:40 UTC] PHP   3. sort() /home/ubuntu/workspace/cst336/labs/labs3/practice3/p3/reviews.php:11
[24-Sep-2018 20:05:40 UTC] PHP Warning:  sort() expects parameter 1 to be array, string given in /home/ubuntu/workspace/cst336/labs/labs3/practice3/p3/reviews.php on line 11
[24-Sep-2018 20:05:40 UTC] PHP Stack trace:
[24-Sep-2018 20:05:40 UTC] PHP   1. {main}() /home/ubuntu/workspace/cst336/labs/labs3/practice3/p3/reviews.php:0
[24-Sep-2018 20:05:40 UTC] PHP   2. movieReviews() /home/ubuntu/workspace/cst336/labs/labs3/practice3/p3/reviews.php:76
[24-Sep-2018 20:05:40 UTC] PHP   3. sort() /home/ubuntu/workspace/cst336/labs/labs3/practice3/p3/reviews.php:11
[24-Sep-2018 20:05:54 UTC] PHP Warning:  sort() expects parameter 1 to be array, string given in /home/ubuntu/workspace/cst336/labs/labs3/practice3/p3/reviews.php on line 11
[24-Sep-2018 20:05:54 UTC] PHP Stack trace:
[24-Sep-2018 20:05:54 UTC] PHP   1. {main}() /home/ubuntu/workspace/cst336/labs/labs3/practice3/p3/reviews.php:0
[24-Sep-2018 20:05:54 UTC] PHP   2. movieReviews() /home/ubuntu/workspace/cst336/labs/labs3/practice3/p3/reviews.php:76
[24-Sep-2018 20:05:54 UTC] PHP   3. sort() /home/ubuntu/workspace/cst336/labs/labs3/practice3/p3/reviews.php:11
[24-Sep-2018 20:05:54 UTC] PHP Warning:  sort() expects parameter 1 to be array, string given in /home/ubuntu/workspace/cst336/labs/labs3/practice3/p3/reviews.php on line 11
[24-Sep-2018 20:05:54 UTC] PHP Stack trace:
[24-Sep-2018 20:05:54 UTC] PHP   1. {main}() /home/ubuntu/workspace/cst336/labs/labs3/practice3/p3/reviews.php:0
[24-Sep-2018 20:05:54 UTC] PHP   2. movieReviews() /home/ubuntu/workspace/cst336/labs/labs3/practice3/p3/reviews.php:76
[24-Sep-2018 20:05:54 UTC] PHP   3. sort() /home/ubuntu/workspace/cst336/labs/labs3/practice3/p3/reviews.php:11
[24-Sep-2018 20:05:54 UTC] PHP Warning:  sort() expects parameter 1 to be array, string given in /home/ubuntu/workspace/cst336/labs/labs3/practice3/p3/reviews.php on line 11
[24-Sep-2018 20:05:54 UTC] PHP Stack trace:
[24-Sep-2018 20:05:54 UTC] PHP   1. {main}() /home/ubuntu/workspace/cst336/labs/labs3/practice3/p3/reviews.php:0
[24-Sep-2018 20:05:54 UTC] PHP   2. movieReviews() /home/ubuntu/workspace/cst336/labs/labs3/practice3/p3/reviews.php:76
[24-Sep-2018 20:05:54 UTC] PHP   3. sort() /home/ubuntu/workspace/cst336/labs/labs3/practice3/p3/reviews.php:11
[24-Sep-2018 20:05:54 UTC] PHP Warning:  sort() expects parameter 1 to be array, string given in /home/ubuntu/workspace/cst336/labs/labs3/practice3/p3/reviews.php on line 11
[24-Sep-2018 20:05:54 UTC] PHP Stack trace:
[24-Sep-2018 20:05:54 UTC] PHP   1. {main}() /home/ubuntu/workspace/cst336/labs/labs3/practice3/p3/reviews.php:0
[24-Sep-2018 20:05:54 UTC] PHP   2. movieReviews() /home/ubuntu/workspace/cst336/labs/labs3/practice3/p3/reviews.php:76
[24-Sep-2018 20:05:54 UTC] PHP   3. sort() /home/ubuntu/workspace/cst336/labs/labs3/practice3/p3/reviews.php:11
