[03-Dec-2018 22:35:32 UTC] PHP Warning:  include(inc/functions.php): failed to open stream: No such file or directory in /home/ubuntu/workspace/cst336/finalproject/webpage/admin.php on line 9
[03-Dec-2018 22:35:32 UTC] PHP Stack trace:
[03-Dec-2018 22:35:32 UTC] PHP   1. {main}() /home/ubuntu/workspace/cst336/finalproject/webpage/admin.php:0
[03-Dec-2018 22:35:32 UTC] PHP Warning:  include(): Failed opening 'inc/functions.php' for inclusion (include_path='.:/usr/share/php:/usr/share/pear') in /home/ubuntu/workspace/cst336/finalproject/webpage/admin.php on line 9
[03-Dec-2018 22:35:32 UTC] PHP Stack trace:
[03-Dec-2018 22:35:32 UTC] PHP   1. {main}() /home/ubuntu/workspace/cst336/finalproject/webpage/admin.php:0
[03-Dec-2018 22:35:32 UTC] PHP Fatal error:  Call to undefined function validateSession() in /home/ubuntu/workspace/cst336/finalproject/webpage/admin.php on line 10
[03-Dec-2018 22:35:32 UTC] PHP Stack trace:
[03-Dec-2018 22:35:32 UTC] PHP   1. {main}() /home/ubuntu/workspace/cst336/finalproject/webpage/admin.php:0
[03-Dec-2018 23:23:37 UTC] PHP Fatal error:  Uncaught exception 'PDOException' with message 'SQLSTATE[42000]: Syntax error or access violation: 1064 You have an error in your SQL syntax; check the manual that corresponds to your MySQL server version for the right syntax to use near '' at line 1' in /home/ubuntu/workspace/cst336/finalproject/webpage/deleteProduct.php:11
Stack trace:
#0 /home/ubuntu/workspace/cst336/finalproject/webpage/deleteProduct.php(11): PDOStatement->execute()
#1 {main}
  thrown in /home/ubuntu/workspace/cst336/finalproject/webpage/deleteProduct.php on line 11
[05-Dec-2018 03:15:23 UTC] PHP Fatal error:  Call to undefined function valid() in /home/ubuntu/workspace/cst336/finalproject/webpage/login.php on line 121
[05-Dec-2018 03:15:23 UTC] PHP Stack trace:
[05-Dec-2018 03:15:23 UTC] PHP   1. {main}() /home/ubuntu/workspace/cst336/finalproject/webpage/login.php:0
[06-Dec-2018 22:31:13 UTC] PHP Fatal error:  Uncaught exception 'PDOException' with message 'SQLSTATE[HY093]: Invalid parameter number: number of bound variables does not match number of tokens' in /home/ubuntu/workspace/cst336/finalproject/webpage/usernameAPI.php:18
Stack trace:
#0 /home/ubuntu/workspace/cst336/finalproject/webpage/usernameAPI.php(18): PDOStatement->execute(Array)
#1 {main}
  thrown in /home/ubuntu/workspace/cst336/finalproject/webpage/usernameAPI.php on line 18
[07-Dec-2018 03:13:37 UTC] PHP Fatal error:  Uncaught exception 'PDOException' with message 'SQLSTATE[42S02]: Base table or view not found: 1146 Table 'fortnite.om_product' doesn't exist' in /home/ubuntu/workspace/cst336/finalproject/webpage/inc/functions.php:13
Stack trace:
#0 /home/ubuntu/workspace/cst336/finalproject/webpage/inc/functions.php(13): PDOStatement->execute()
#1 /home/ubuntu/workspace/cst336/finalproject/webpage/admin.php(74): displayAllProducts()
#2 {main}
  thrown in /home/ubuntu/workspace/cst336/finalproject/webpage/inc/functions.php on line 13
[07-Dec-2018 03:15:15 UTC] PHP Fatal error:  Uncaught exception 'PDOException' with message 'SQLSTATE[42S02]: Base table or view not found: 1146 Table 'fortnite.om_product' doesn't exist' in /home/ubuntu/workspace/cst336/finalproject/webpage/addProduct.php:26
Stack trace:
#0 /home/ubuntu/workspace/cst336/finalproject/webpage/addProduct.php(26): PDOStatement->execute(Array)
#1 {main}
  thrown in /home/ubuntu/workspace/cst336/finalproject/webpage/addProduct.php on line 26
